[2024-11-20T12:38:55.050+0000] {processor.py:157} INFO - Started process (PID=166) to work on /opt/airflow/dags/DAG.py
[2024-11-20T12:38:55.052+0000] {processor.py:829} INFO - Processing file /opt/airflow/dags/DAG.py for tasks to queue
[2024-11-20T12:38:55.056+0000] {logging_mixin.py:151} INFO - [2024-11-20T12:38:55.055+0000] {dagbag.py:539} INFO - Filling up the DagBag from /opt/airflow/dags/DAG.py
[2024-11-20T12:38:55.070+0000] {processor.py:839} INFO - DAG(s) dict_keys(['daily_clothing_crawler']) retrieved from /opt/airflow/dags/DAG.py
[2024-11-20T12:38:55.093+0000] {logging_mixin.py:151} INFO - [2024-11-20T12:38:55.093+0000] {dag.py:2915} INFO - Sync 1 DAGs
[2024-11-20T12:38:55.105+0000] {logging_mixin.py:151} INFO - [2024-11-20T12:38:55.105+0000] {dag.py:3696} INFO - Setting next_dagrun for daily_clothing_crawler to 2024-11-19T00:00:00+00:00, run_after=2024-11-20T00:00:00+00:00
[2024-11-20T12:38:55.114+0000] {processor.py:179} INFO - Processing /opt/airflow/dags/DAG.py took 0.066 seconds
[2024-11-20T12:39:25.295+0000] {processor.py:157} INFO - Started process (PID=172) to work on /opt/airflow/dags/DAG.py
[2024-11-20T12:39:25.296+0000] {processor.py:829} INFO - Processing file /opt/airflow/dags/DAG.py for tasks to queue
[2024-11-20T12:39:25.297+0000] {logging_mixin.py:151} INFO - [2024-11-20T12:39:25.296+0000] {dagbag.py:539} INFO - Filling up the DagBag from /opt/airflow/dags/DAG.py
[2024-11-20T12:39:25.311+0000] {processor.py:839} INFO - DAG(s) dict_keys(['daily_clothing_crawler']) retrieved from /opt/airflow/dags/DAG.py
[2024-11-20T12:39:25.332+0000] {logging_mixin.py:151} INFO - [2024-11-20T12:39:25.332+0000] {dag.py:2915} INFO - Sync 1 DAGs
[2024-11-20T12:39:25.345+0000] {logging_mixin.py:151} INFO - [2024-11-20T12:39:25.345+0000] {dag.py:3696} INFO - Setting next_dagrun for daily_clothing_crawler to 2024-11-19T00:00:00+00:00, run_after=2024-11-20T00:00:00+00:00
[2024-11-20T12:39:25.355+0000] {processor.py:179} INFO - Processing /opt/airflow/dags/DAG.py took 0.064 seconds
[2024-11-20T12:39:55.600+0000] {processor.py:157} INFO - Started process (PID=177) to work on /opt/airflow/dags/DAG.py
[2024-11-20T12:39:55.601+0000] {processor.py:829} INFO - Processing file /opt/airflow/dags/DAG.py for tasks to queue
[2024-11-20T12:39:55.602+0000] {logging_mixin.py:151} INFO - [2024-11-20T12:39:55.601+0000] {dagbag.py:539} INFO - Filling up the DagBag from /opt/airflow/dags/DAG.py
[2024-11-20T12:39:55.614+0000] {processor.py:839} INFO - DAG(s) dict_keys(['daily_clothing_crawler']) retrieved from /opt/airflow/dags/DAG.py
[2024-11-20T12:39:55.633+0000] {logging_mixin.py:151} INFO - [2024-11-20T12:39:55.633+0000] {dag.py:2915} INFO - Sync 1 DAGs
[2024-11-20T12:39:55.649+0000] {logging_mixin.py:151} INFO - [2024-11-20T12:39:55.649+0000] {dag.py:3696} INFO - Setting next_dagrun for daily_clothing_crawler to 2024-11-19T00:00:00+00:00, run_after=2024-11-20T00:00:00+00:00
[2024-11-20T12:39:55.661+0000] {processor.py:179} INFO - Processing /opt/airflow/dags/DAG.py took 0.064 seconds
[2024-11-20T12:40:25.890+0000] {processor.py:157} INFO - Started process (PID=182) to work on /opt/airflow/dags/DAG.py
[2024-11-20T12:40:25.891+0000] {processor.py:829} INFO - Processing file /opt/airflow/dags/DAG.py for tasks to queue
[2024-11-20T12:40:25.892+0000] {logging_mixin.py:151} INFO - [2024-11-20T12:40:25.891+0000] {dagbag.py:539} INFO - Filling up the DagBag from /opt/airflow/dags/DAG.py
[2024-11-20T12:40:25.908+0000] {processor.py:839} INFO - DAG(s) dict_keys(['daily_clothing_crawler']) retrieved from /opt/airflow/dags/DAG.py
[2024-11-20T12:40:25.933+0000] {logging_mixin.py:151} INFO - [2024-11-20T12:40:25.933+0000] {dag.py:2915} INFO - Sync 1 DAGs
[2024-11-20T12:40:25.946+0000] {logging_mixin.py:151} INFO - [2024-11-20T12:40:25.945+0000] {dag.py:3696} INFO - Setting next_dagrun for daily_clothing_crawler to 2024-11-19T00:00:00+00:00, run_after=2024-11-20T00:00:00+00:00
[2024-11-20T12:40:25.953+0000] {processor.py:179} INFO - Processing /opt/airflow/dags/DAG.py took 0.068 seconds
[2024-11-20T12:40:56.169+0000] {processor.py:157} INFO - Started process (PID=187) to work on /opt/airflow/dags/DAG.py
[2024-11-20T12:40:56.170+0000] {processor.py:829} INFO - Processing file /opt/airflow/dags/DAG.py for tasks to queue
[2024-11-20T12:40:56.171+0000] {logging_mixin.py:151} INFO - [2024-11-20T12:40:56.171+0000] {dagbag.py:539} INFO - Filling up the DagBag from /opt/airflow/dags/DAG.py
[2024-11-20T12:40:56.191+0000] {processor.py:839} INFO - DAG(s) dict_keys(['daily_clothing_crawler']) retrieved from /opt/airflow/dags/DAG.py
[2024-11-20T12:40:56.234+0000] {logging_mixin.py:151} INFO - [2024-11-20T12:40:56.234+0000] {dag.py:2915} INFO - Sync 1 DAGs
[2024-11-20T12:40:56.248+0000] {logging_mixin.py:151} INFO - [2024-11-20T12:40:56.248+0000] {dag.py:3696} INFO - Setting next_dagrun for daily_clothing_crawler to 2024-11-19T00:00:00+00:00, run_after=2024-11-20T00:00:00+00:00
[2024-11-20T12:40:56.256+0000] {processor.py:179} INFO - Processing /opt/airflow/dags/DAG.py took 0.092 seconds
[2024-11-20T12:41:26.444+0000] {processor.py:157} INFO - Started process (PID=192) to work on /opt/airflow/dags/DAG.py
[2024-11-20T12:41:26.445+0000] {processor.py:829} INFO - Processing file /opt/airflow/dags/DAG.py for tasks to queue
[2024-11-20T12:41:26.446+0000] {logging_mixin.py:151} INFO - [2024-11-20T12:41:26.445+0000] {dagbag.py:539} INFO - Filling up the DagBag from /opt/airflow/dags/DAG.py
[2024-11-20T12:41:26.457+0000] {processor.py:839} INFO - DAG(s) dict_keys(['daily_clothing_crawler']) retrieved from /opt/airflow/dags/DAG.py
[2024-11-20T12:41:26.478+0000] {logging_mixin.py:151} INFO - [2024-11-20T12:41:26.478+0000] {dag.py:2915} INFO - Sync 1 DAGs
[2024-11-20T12:41:26.492+0000] {logging_mixin.py:151} INFO - [2024-11-20T12:41:26.492+0000] {dag.py:3696} INFO - Setting next_dagrun for daily_clothing_crawler to 2024-11-19T00:00:00+00:00, run_after=2024-11-20T00:00:00+00:00
[2024-11-20T12:41:26.502+0000] {processor.py:179} INFO - Processing /opt/airflow/dags/DAG.py took 0.061 seconds
[2024-11-20T12:41:56.734+0000] {processor.py:157} INFO - Started process (PID=197) to work on /opt/airflow/dags/DAG.py
[2024-11-20T12:41:56.735+0000] {processor.py:829} INFO - Processing file /opt/airflow/dags/DAG.py for tasks to queue
[2024-11-20T12:41:56.736+0000] {logging_mixin.py:151} INFO - [2024-11-20T12:41:56.735+0000] {dagbag.py:539} INFO - Filling up the DagBag from /opt/airflow/dags/DAG.py
[2024-11-20T12:41:56.748+0000] {processor.py:839} INFO - DAG(s) dict_keys(['daily_clothing_crawler']) retrieved from /opt/airflow/dags/DAG.py
[2024-11-20T12:41:56.769+0000] {logging_mixin.py:151} INFO - [2024-11-20T12:41:56.769+0000] {dag.py:2915} INFO - Sync 1 DAGs
[2024-11-20T12:41:56.782+0000] {logging_mixin.py:151} INFO - [2024-11-20T12:41:56.782+0000] {dag.py:3696} INFO - Setting next_dagrun for daily_clothing_crawler to 2024-11-19T00:00:00+00:00, run_after=2024-11-20T00:00:00+00:00
[2024-11-20T12:41:56.790+0000] {processor.py:179} INFO - Processing /opt/airflow/dags/DAG.py took 0.060 seconds
[2024-11-20T12:42:27.029+0000] {processor.py:157} INFO - Started process (PID=202) to work on /opt/airflow/dags/DAG.py
[2024-11-20T12:42:27.029+0000] {processor.py:829} INFO - Processing file /opt/airflow/dags/DAG.py for tasks to queue
[2024-11-20T12:42:27.031+0000] {logging_mixin.py:151} INFO - [2024-11-20T12:42:27.030+0000] {dagbag.py:539} INFO - Filling up the DagBag from /opt/airflow/dags/DAG.py
[2024-11-20T12:42:27.047+0000] {processor.py:839} INFO - DAG(s) dict_keys(['daily_clothing_crawler']) retrieved from /opt/airflow/dags/DAG.py
[2024-11-20T12:42:27.072+0000] {logging_mixin.py:151} INFO - [2024-11-20T12:42:27.072+0000] {dag.py:2915} INFO - Sync 1 DAGs
[2024-11-20T12:42:27.087+0000] {logging_mixin.py:151} INFO - [2024-11-20T12:42:27.087+0000] {dag.py:3696} INFO - Setting next_dagrun for daily_clothing_crawler to 2024-11-19T00:00:00+00:00, run_after=2024-11-20T00:00:00+00:00
[2024-11-20T12:42:27.098+0000] {processor.py:179} INFO - Processing /opt/airflow/dags/DAG.py took 0.074 seconds
[2024-11-20T12:51:31.367+0000] {processor.py:157} INFO - Started process (PID=167) to work on /opt/airflow/dags/DAG.py
[2024-11-20T12:51:31.370+0000] {processor.py:829} INFO - Processing file /opt/airflow/dags/DAG.py for tasks to queue
[2024-11-20T12:51:31.372+0000] {logging_mixin.py:151} INFO - [2024-11-20T12:51:31.371+0000] {dagbag.py:539} INFO - Filling up the DagBag from /opt/airflow/dags/DAG.py
[2024-11-20T12:51:31.387+0000] {processor.py:839} INFO - DAG(s) dict_keys(['daily_clothing_crawler']) retrieved from /opt/airflow/dags/DAG.py
[2024-11-20T12:51:31.510+0000] {logging_mixin.py:151} INFO - [2024-11-20T12:51:31.509+0000] {manager.py:499} INFO - Created Permission View: %s
[2024-11-20T12:51:31.604+0000] {logging_mixin.py:151} INFO - [2024-11-20T12:51:31.604+0000] {manager.py:499} INFO - Created Permission View: %s
[2024-11-20T12:51:31.607+0000] {logging_mixin.py:151} INFO - [2024-11-20T12:51:31.607+0000] {manager.py:499} INFO - Created Permission View: %s
[2024-11-20T12:51:31.607+0000] {logging_mixin.py:151} INFO - [2024-11-20T12:51:31.607+0000] {security.py:708} INFO - Not syncing DAG-level permissions for DAG 'DAG:daily_clothing_crawler' as access control is unset.
[2024-11-20T12:51:31.607+0000] {logging_mixin.py:151} INFO - [2024-11-20T12:51:31.607+0000] {dag.py:2915} INFO - Sync 1 DAGs
[2024-11-20T12:51:31.612+0000] {logging_mixin.py:151} INFO - [2024-11-20T12:51:31.612+0000] {dag.py:2937} INFO - Creating ORM DAG for daily_clothing_crawler
[2024-11-20T12:51:31.617+0000] {logging_mixin.py:151} INFO - [2024-11-20T12:51:31.617+0000] {dag.py:3696} INFO - Setting next_dagrun for daily_clothing_crawler to 2024-11-19T00:00:00+00:00, run_after=2024-11-20T00:00:00+00:00
[2024-11-20T12:51:31.624+0000] {processor.py:179} INFO - Processing /opt/airflow/dags/DAG.py took 0.259 seconds
[2024-11-20T12:52:01.868+0000] {processor.py:157} INFO - Started process (PID=172) to work on /opt/airflow/dags/DAG.py
[2024-11-20T12:52:01.870+0000] {processor.py:829} INFO - Processing file /opt/airflow/dags/DAG.py for tasks to queue
[2024-11-20T12:52:01.871+0000] {logging_mixin.py:151} INFO - [2024-11-20T12:52:01.871+0000] {dagbag.py:539} INFO - Filling up the DagBag from /opt/airflow/dags/DAG.py
[2024-11-20T12:52:01.888+0000] {processor.py:839} INFO - DAG(s) dict_keys(['daily_clothing_crawler']) retrieved from /opt/airflow/dags/DAG.py
[2024-11-20T12:52:01.916+0000] {logging_mixin.py:151} INFO - [2024-11-20T12:52:01.916+0000] {dag.py:2915} INFO - Sync 1 DAGs
[2024-11-20T12:52:01.929+0000] {logging_mixin.py:151} INFO - [2024-11-20T12:52:01.929+0000] {dag.py:3696} INFO - Setting next_dagrun for daily_clothing_crawler to 2024-11-19T00:00:00+00:00, run_after=2024-11-20T00:00:00+00:00
[2024-11-20T12:52:01.938+0000] {processor.py:179} INFO - Processing /opt/airflow/dags/DAG.py took 0.075 seconds
[2024-11-20T12:52:32.184+0000] {processor.py:157} INFO - Started process (PID=177) to work on /opt/airflow/dags/DAG.py
[2024-11-20T12:52:32.185+0000] {processor.py:829} INFO - Processing file /opt/airflow/dags/DAG.py for tasks to queue
[2024-11-20T12:52:32.186+0000] {logging_mixin.py:151} INFO - [2024-11-20T12:52:32.186+0000] {dagbag.py:539} INFO - Filling up the DagBag from /opt/airflow/dags/DAG.py
[2024-11-20T12:52:32.206+0000] {processor.py:839} INFO - DAG(s) dict_keys(['daily_clothing_crawler']) retrieved from /opt/airflow/dags/DAG.py
[2024-11-20T12:52:32.232+0000] {logging_mixin.py:151} INFO - [2024-11-20T12:52:32.232+0000] {dag.py:2915} INFO - Sync 1 DAGs
[2024-11-20T12:52:32.245+0000] {logging_mixin.py:151} INFO - [2024-11-20T12:52:32.245+0000] {dag.py:3696} INFO - Setting next_dagrun for daily_clothing_crawler to 2024-11-19T00:00:00+00:00, run_after=2024-11-20T00:00:00+00:00
[2024-11-20T12:52:32.254+0000] {processor.py:179} INFO - Processing /opt/airflow/dags/DAG.py took 0.075 seconds
[2024-11-20T12:53:02.510+0000] {processor.py:157} INFO - Started process (PID=182) to work on /opt/airflow/dags/DAG.py
[2024-11-20T12:53:02.511+0000] {processor.py:829} INFO - Processing file /opt/airflow/dags/DAG.py for tasks to queue
[2024-11-20T12:53:02.512+0000] {logging_mixin.py:151} INFO - [2024-11-20T12:53:02.511+0000] {dagbag.py:539} INFO - Filling up the DagBag from /opt/airflow/dags/DAG.py
[2024-11-20T12:53:02.532+0000] {processor.py:839} INFO - DAG(s) dict_keys(['daily_clothing_crawler']) retrieved from /opt/airflow/dags/DAG.py
[2024-11-20T12:53:02.578+0000] {logging_mixin.py:151} INFO - [2024-11-20T12:53:02.578+0000] {dag.py:2915} INFO - Sync 1 DAGs
[2024-11-20T12:53:02.593+0000] {logging_mixin.py:151} INFO - [2024-11-20T12:53:02.593+0000] {dag.py:3696} INFO - Setting next_dagrun for daily_clothing_crawler to 2024-11-19T00:00:00+00:00, run_after=2024-11-20T00:00:00+00:00
[2024-11-20T12:53:02.728+0000] {processor.py:179} INFO - Processing /opt/airflow/dags/DAG.py took 0.224 seconds
[2024-11-20T12:53:32.811+0000] {processor.py:157} INFO - Started process (PID=187) to work on /opt/airflow/dags/DAG.py
[2024-11-20T12:53:32.812+0000] {processor.py:829} INFO - Processing file /opt/airflow/dags/DAG.py for tasks to queue
[2024-11-20T12:53:32.814+0000] {logging_mixin.py:151} INFO - [2024-11-20T12:53:32.813+0000] {dagbag.py:539} INFO - Filling up the DagBag from /opt/airflow/dags/DAG.py
[2024-11-20T12:53:32.834+0000] {processor.py:839} INFO - DAG(s) dict_keys(['daily_clothing_crawler']) retrieved from /opt/airflow/dags/DAG.py
[2024-11-20T12:53:32.861+0000] {logging_mixin.py:151} INFO - [2024-11-20T12:53:32.861+0000] {dag.py:2915} INFO - Sync 1 DAGs
[2024-11-20T12:53:32.946+0000] {logging_mixin.py:151} INFO - [2024-11-20T12:53:32.946+0000] {dag.py:3696} INFO - Setting next_dagrun for daily_clothing_crawler to 2024-11-19T00:00:00+00:00, run_after=2024-11-20T00:00:00+00:00
[2024-11-20T12:53:32.954+0000] {processor.py:179} INFO - Processing /opt/airflow/dags/DAG.py took 0.149 seconds
[2024-11-20T12:54:03.111+0000] {processor.py:157} INFO - Started process (PID=192) to work on /opt/airflow/dags/DAG.py
[2024-11-20T12:54:03.112+0000] {processor.py:829} INFO - Processing file /opt/airflow/dags/DAG.py for tasks to queue
[2024-11-20T12:54:03.113+0000] {logging_mixin.py:151} INFO - [2024-11-20T12:54:03.112+0000] {dagbag.py:539} INFO - Filling up the DagBag from /opt/airflow/dags/DAG.py
[2024-11-20T12:54:03.126+0000] {processor.py:839} INFO - DAG(s) dict_keys(['daily_clothing_crawler']) retrieved from /opt/airflow/dags/DAG.py
[2024-11-20T12:54:03.241+0000] {logging_mixin.py:151} INFO - [2024-11-20T12:54:03.241+0000] {dag.py:2915} INFO - Sync 1 DAGs
[2024-11-20T12:54:03.250+0000] {logging_mixin.py:151} INFO - [2024-11-20T12:54:03.250+0000] {dag.py:3696} INFO - Setting next_dagrun for daily_clothing_crawler to 2024-11-19T00:00:00+00:00, run_after=2024-11-20T00:00:00+00:00
[2024-11-20T12:54:03.257+0000] {processor.py:179} INFO - Processing /opt/airflow/dags/DAG.py took 0.151 seconds
[2024-11-20T12:54:33.559+0000] {processor.py:157} INFO - Started process (PID=197) to work on /opt/airflow/dags/DAG.py
[2024-11-20T12:54:33.560+0000] {processor.py:829} INFO - Processing file /opt/airflow/dags/DAG.py for tasks to queue
[2024-11-20T12:54:33.561+0000] {logging_mixin.py:151} INFO - [2024-11-20T12:54:33.561+0000] {dagbag.py:539} INFO - Filling up the DagBag from /opt/airflow/dags/DAG.py
[2024-11-20T12:54:33.583+0000] {processor.py:839} INFO - DAG(s) dict_keys(['daily_clothing_crawler']) retrieved from /opt/airflow/dags/DAG.py
[2024-11-20T12:54:33.693+0000] {logging_mixin.py:151} INFO - [2024-11-20T12:54:33.693+0000] {dag.py:2915} INFO - Sync 1 DAGs
[2024-11-20T12:54:33.703+0000] {logging_mixin.py:151} INFO - [2024-11-20T12:54:33.703+0000] {dag.py:3696} INFO - Setting next_dagrun for daily_clothing_crawler to 2024-11-19T00:00:00+00:00, run_after=2024-11-20T00:00:00+00:00
[2024-11-20T12:54:33.710+0000] {processor.py:179} INFO - Processing /opt/airflow/dags/DAG.py took 0.157 seconds
[2024-11-20T12:55:04.035+0000] {processor.py:157} INFO - Started process (PID=202) to work on /opt/airflow/dags/DAG.py
[2024-11-20T12:55:04.036+0000] {processor.py:829} INFO - Processing file /opt/airflow/dags/DAG.py for tasks to queue
[2024-11-20T12:55:04.037+0000] {logging_mixin.py:151} INFO - [2024-11-20T12:55:04.037+0000] {dagbag.py:539} INFO - Filling up the DagBag from /opt/airflow/dags/DAG.py
[2024-11-20T12:55:04.051+0000] {processor.py:839} INFO - DAG(s) dict_keys(['daily_clothing_crawler']) retrieved from /opt/airflow/dags/DAG.py
[2024-11-20T12:55:04.077+0000] {logging_mixin.py:151} INFO - [2024-11-20T12:55:04.077+0000] {dag.py:2915} INFO - Sync 1 DAGs
[2024-11-20T12:55:04.091+0000] {logging_mixin.py:151} INFO - [2024-11-20T12:55:04.090+0000] {dag.py:3696} INFO - Setting next_dagrun for daily_clothing_crawler to 2024-11-19T00:00:00+00:00, run_after=2024-11-20T00:00:00+00:00
[2024-11-20T12:55:04.099+0000] {processor.py:179} INFO - Processing /opt/airflow/dags/DAG.py took 0.071 seconds
[2024-11-20T12:55:34.325+0000] {processor.py:157} INFO - Started process (PID=207) to work on /opt/airflow/dags/DAG.py
[2024-11-20T12:55:34.326+0000] {processor.py:829} INFO - Processing file /opt/airflow/dags/DAG.py for tasks to queue
[2024-11-20T12:55:34.327+0000] {logging_mixin.py:151} INFO - [2024-11-20T12:55:34.327+0000] {dagbag.py:539} INFO - Filling up the DagBag from /opt/airflow/dags/DAG.py
[2024-11-20T12:55:34.344+0000] {processor.py:839} INFO - DAG(s) dict_keys(['daily_clothing_crawler']) retrieved from /opt/airflow/dags/DAG.py
[2024-11-20T12:55:34.381+0000] {logging_mixin.py:151} INFO - [2024-11-20T12:55:34.380+0000] {dag.py:2915} INFO - Sync 1 DAGs
[2024-11-20T12:55:34.395+0000] {logging_mixin.py:151} INFO - [2024-11-20T12:55:34.394+0000] {dag.py:3696} INFO - Setting next_dagrun for daily_clothing_crawler to 2024-11-19T00:00:00+00:00, run_after=2024-11-20T00:00:00+00:00
[2024-11-20T12:55:34.404+0000] {processor.py:179} INFO - Processing /opt/airflow/dags/DAG.py took 0.082 seconds
[2024-11-20T12:56:04.632+0000] {processor.py:157} INFO - Started process (PID=212) to work on /opt/airflow/dags/DAG.py
[2024-11-20T12:56:04.633+0000] {processor.py:829} INFO - Processing file /opt/airflow/dags/DAG.py for tasks to queue
[2024-11-20T12:56:04.634+0000] {logging_mixin.py:151} INFO - [2024-11-20T12:56:04.634+0000] {dagbag.py:539} INFO - Filling up the DagBag from /opt/airflow/dags/DAG.py
[2024-11-20T12:56:04.667+0000] {processor.py:839} INFO - DAG(s) dict_keys(['daily_clothing_crawler']) retrieved from /opt/airflow/dags/DAG.py
[2024-11-20T12:56:04.694+0000] {logging_mixin.py:151} INFO - [2024-11-20T12:56:04.694+0000] {dag.py:2915} INFO - Sync 1 DAGs
[2024-11-20T12:56:04.708+0000] {logging_mixin.py:151} INFO - [2024-11-20T12:56:04.708+0000] {dag.py:3696} INFO - Setting next_dagrun for daily_clothing_crawler to 2024-11-19T00:00:00+00:00, run_after=2024-11-20T00:00:00+00:00
[2024-11-20T12:56:04.716+0000] {processor.py:179} INFO - Processing /opt/airflow/dags/DAG.py took 0.089 seconds
[2024-11-20T12:56:34.917+0000] {processor.py:157} INFO - Started process (PID=217) to work on /opt/airflow/dags/DAG.py
[2024-11-20T12:56:34.918+0000] {processor.py:829} INFO - Processing file /opt/airflow/dags/DAG.py for tasks to queue
[2024-11-20T12:56:34.919+0000] {logging_mixin.py:151} INFO - [2024-11-20T12:56:34.918+0000] {dagbag.py:539} INFO - Filling up the DagBag from /opt/airflow/dags/DAG.py
[2024-11-20T12:56:34.939+0000] {processor.py:839} INFO - DAG(s) dict_keys(['daily_clothing_crawler']) retrieved from /opt/airflow/dags/DAG.py
[2024-11-20T12:56:34.963+0000] {logging_mixin.py:151} INFO - [2024-11-20T12:56:34.963+0000] {dag.py:2915} INFO - Sync 1 DAGs
[2024-11-20T12:56:34.976+0000] {logging_mixin.py:151} INFO - [2024-11-20T12:56:34.976+0000] {dag.py:3696} INFO - Setting next_dagrun for daily_clothing_crawler to 2024-11-19T00:00:00+00:00, run_after=2024-11-20T00:00:00+00:00
[2024-11-20T12:56:34.986+0000] {processor.py:179} INFO - Processing /opt/airflow/dags/DAG.py took 0.074 seconds
[2024-11-20T12:57:05.167+0000] {processor.py:157} INFO - Started process (PID=222) to work on /opt/airflow/dags/DAG.py
[2024-11-20T12:57:05.168+0000] {processor.py:829} INFO - Processing file /opt/airflow/dags/DAG.py for tasks to queue
[2024-11-20T12:57:05.170+0000] {logging_mixin.py:151} INFO - [2024-11-20T12:57:05.169+0000] {dagbag.py:539} INFO - Filling up the DagBag from /opt/airflow/dags/DAG.py
[2024-11-20T12:57:05.191+0000] {processor.py:839} INFO - DAG(s) dict_keys(['daily_clothing_crawler']) retrieved from /opt/airflow/dags/DAG.py
[2024-11-20T12:57:05.215+0000] {logging_mixin.py:151} INFO - [2024-11-20T12:57:05.214+0000] {dag.py:2915} INFO - Sync 1 DAGs
[2024-11-20T12:57:05.228+0000] {logging_mixin.py:151} INFO - [2024-11-20T12:57:05.228+0000] {dag.py:3696} INFO - Setting next_dagrun for daily_clothing_crawler to 2024-11-19T00:00:00+00:00, run_after=2024-11-20T00:00:00+00:00
[2024-11-20T12:57:05.236+0000] {processor.py:179} INFO - Processing /opt/airflow/dags/DAG.py took 0.075 seconds
[2024-11-20T12:57:35.451+0000] {processor.py:157} INFO - Started process (PID=227) to work on /opt/airflow/dags/DAG.py
[2024-11-20T12:57:35.452+0000] {processor.py:829} INFO - Processing file /opt/airflow/dags/DAG.py for tasks to queue
[2024-11-20T12:57:35.453+0000] {logging_mixin.py:151} INFO - [2024-11-20T12:57:35.453+0000] {dagbag.py:539} INFO - Filling up the DagBag from /opt/airflow/dags/DAG.py
[2024-11-20T12:57:35.470+0000] {processor.py:839} INFO - DAG(s) dict_keys(['daily_clothing_crawler']) retrieved from /opt/airflow/dags/DAG.py
[2024-11-20T12:57:35.492+0000] {logging_mixin.py:151} INFO - [2024-11-20T12:57:35.492+0000] {dag.py:2915} INFO - Sync 1 DAGs
[2024-11-20T12:57:35.505+0000] {logging_mixin.py:151} INFO - [2024-11-20T12:57:35.504+0000] {dag.py:3696} INFO - Setting next_dagrun for daily_clothing_crawler to 2024-11-19T00:00:00+00:00, run_after=2024-11-20T00:00:00+00:00
[2024-11-20T12:57:35.513+0000] {processor.py:179} INFO - Processing /opt/airflow/dags/DAG.py took 0.066 seconds
[2024-11-20T12:58:05.739+0000] {processor.py:157} INFO - Started process (PID=232) to work on /opt/airflow/dags/DAG.py
[2024-11-20T12:58:05.740+0000] {processor.py:829} INFO - Processing file /opt/airflow/dags/DAG.py for tasks to queue
[2024-11-20T12:58:05.742+0000] {logging_mixin.py:151} INFO - [2024-11-20T12:58:05.741+0000] {dagbag.py:539} INFO - Filling up the DagBag from /opt/airflow/dags/DAG.py
[2024-11-20T12:58:05.764+0000] {processor.py:839} INFO - DAG(s) dict_keys(['daily_clothing_crawler']) retrieved from /opt/airflow/dags/DAG.py
[2024-11-20T12:58:05.794+0000] {logging_mixin.py:151} INFO - [2024-11-20T12:58:05.794+0000] {dag.py:2915} INFO - Sync 1 DAGs
[2024-11-20T12:58:05.837+0000] {logging_mixin.py:151} INFO - [2024-11-20T12:58:05.837+0000] {dag.py:3696} INFO - Setting next_dagrun for daily_clothing_crawler to 2024-11-19T00:00:00+00:00, run_after=2024-11-20T00:00:00+00:00
[2024-11-20T12:58:05.847+0000] {processor.py:179} INFO - Processing /opt/airflow/dags/DAG.py took 0.113 seconds
[2024-11-20T12:58:36.017+0000] {processor.py:157} INFO - Started process (PID=237) to work on /opt/airflow/dags/DAG.py
[2024-11-20T12:58:36.018+0000] {processor.py:829} INFO - Processing file /opt/airflow/dags/DAG.py for tasks to queue
[2024-11-20T12:58:36.019+0000] {logging_mixin.py:151} INFO - [2024-11-20T12:58:36.019+0000] {dagbag.py:539} INFO - Filling up the DagBag from /opt/airflow/dags/DAG.py
[2024-11-20T12:58:36.034+0000] {processor.py:839} INFO - DAG(s) dict_keys(['daily_clothing_crawler']) retrieved from /opt/airflow/dags/DAG.py
[2024-11-20T12:58:36.062+0000] {logging_mixin.py:151} INFO - [2024-11-20T12:58:36.062+0000] {dag.py:2915} INFO - Sync 1 DAGs
[2024-11-20T12:58:36.076+0000] {logging_mixin.py:151} INFO - [2024-11-20T12:58:36.076+0000] {dag.py:3696} INFO - Setting next_dagrun for daily_clothing_crawler to 2024-11-19T00:00:00+00:00, run_after=2024-11-20T00:00:00+00:00
[2024-11-20T12:58:36.085+0000] {processor.py:179} INFO - Processing /opt/airflow/dags/DAG.py took 0.073 seconds
[2024-11-20T12:59:06.333+0000] {processor.py:157} INFO - Started process (PID=242) to work on /opt/airflow/dags/DAG.py
[2024-11-20T12:59:06.334+0000] {processor.py:829} INFO - Processing file /opt/airflow/dags/DAG.py for tasks to queue
[2024-11-20T12:59:06.335+0000] {logging_mixin.py:151} INFO - [2024-11-20T12:59:06.334+0000] {dagbag.py:539} INFO - Filling up the DagBag from /opt/airflow/dags/DAG.py
[2024-11-20T12:59:06.355+0000] {processor.py:839} INFO - DAG(s) dict_keys(['daily_clothing_crawler']) retrieved from /opt/airflow/dags/DAG.py
[2024-11-20T12:59:06.382+0000] {logging_mixin.py:151} INFO - [2024-11-20T12:59:06.382+0000] {dag.py:2915} INFO - Sync 1 DAGs
[2024-11-20T12:59:06.397+0000] {logging_mixin.py:151} INFO - [2024-11-20T12:59:06.397+0000] {dag.py:3696} INFO - Setting next_dagrun for daily_clothing_crawler to 2024-11-19T00:00:00+00:00, run_after=2024-11-20T00:00:00+00:00
[2024-11-20T12:59:06.406+0000] {processor.py:179} INFO - Processing /opt/airflow/dags/DAG.py took 0.078 seconds
[2024-11-20T12:59:36.623+0000] {processor.py:157} INFO - Started process (PID=247) to work on /opt/airflow/dags/DAG.py
[2024-11-20T12:59:36.624+0000] {processor.py:829} INFO - Processing file /opt/airflow/dags/DAG.py for tasks to queue
[2024-11-20T12:59:36.625+0000] {logging_mixin.py:151} INFO - [2024-11-20T12:59:36.625+0000] {dagbag.py:539} INFO - Filling up the DagBag from /opt/airflow/dags/DAG.py
[2024-11-20T12:59:36.644+0000] {processor.py:839} INFO - DAG(s) dict_keys(['daily_clothing_crawler']) retrieved from /opt/airflow/dags/DAG.py
[2024-11-20T12:59:36.674+0000] {logging_mixin.py:151} INFO - [2024-11-20T12:59:36.674+0000] {dag.py:2915} INFO - Sync 1 DAGs
[2024-11-20T12:59:36.690+0000] {logging_mixin.py:151} INFO - [2024-11-20T12:59:36.690+0000] {dag.py:3696} INFO - Setting next_dagrun for daily_clothing_crawler to 2024-11-19T00:00:00+00:00, run_after=2024-11-20T00:00:00+00:00
[2024-11-20T12:59:36.699+0000] {processor.py:179} INFO - Processing /opt/airflow/dags/DAG.py took 0.081 seconds
[2024-11-20T13:00:06.908+0000] {processor.py:157} INFO - Started process (PID=252) to work on /opt/airflow/dags/DAG.py
[2024-11-20T13:00:06.909+0000] {processor.py:829} INFO - Processing file /opt/airflow/dags/DAG.py for tasks to queue
[2024-11-20T13:00:06.910+0000] {logging_mixin.py:151} INFO - [2024-11-20T13:00:06.909+0000] {dagbag.py:539} INFO - Filling up the DagBag from /opt/airflow/dags/DAG.py
[2024-11-20T13:00:06.922+0000] {processor.py:839} INFO - DAG(s) dict_keys(['daily_clothing_crawler']) retrieved from /opt/airflow/dags/DAG.py
[2024-11-20T13:00:06.944+0000] {logging_mixin.py:151} INFO - [2024-11-20T13:00:06.944+0000] {dag.py:2915} INFO - Sync 1 DAGs
[2024-11-20T13:00:06.958+0000] {logging_mixin.py:151} INFO - [2024-11-20T13:00:06.958+0000] {dag.py:3696} INFO - Setting next_dagrun for daily_clothing_crawler to 2024-11-19T00:00:00+00:00, run_after=2024-11-20T00:00:00+00:00
[2024-11-20T13:00:06.968+0000] {processor.py:179} INFO - Processing /opt/airflow/dags/DAG.py took 0.064 seconds
[2024-11-20T13:00:37.191+0000] {processor.py:157} INFO - Started process (PID=257) to work on /opt/airflow/dags/DAG.py
[2024-11-20T13:00:37.192+0000] {processor.py:829} INFO - Processing file /opt/airflow/dags/DAG.py for tasks to queue
[2024-11-20T13:00:37.193+0000] {logging_mixin.py:151} INFO - [2024-11-20T13:00:37.193+0000] {dagbag.py:539} INFO - Filling up the DagBag from /opt/airflow/dags/DAG.py
[2024-11-20T13:00:37.208+0000] {processor.py:839} INFO - DAG(s) dict_keys(['daily_clothing_crawler']) retrieved from /opt/airflow/dags/DAG.py
[2024-11-20T13:00:37.234+0000] {logging_mixin.py:151} INFO - [2024-11-20T13:00:37.234+0000] {dag.py:2915} INFO - Sync 1 DAGs
[2024-11-20T13:00:37.248+0000] {logging_mixin.py:151} INFO - [2024-11-20T13:00:37.248+0000] {dag.py:3696} INFO - Setting next_dagrun for daily_clothing_crawler to 2024-11-19T00:00:00+00:00, run_after=2024-11-20T00:00:00+00:00
[2024-11-20T13:00:37.256+0000] {processor.py:179} INFO - Processing /opt/airflow/dags/DAG.py took 0.070 seconds
[2024-11-20T13:01:07.490+0000] {processor.py:157} INFO - Started process (PID=262) to work on /opt/airflow/dags/DAG.py
[2024-11-20T13:01:07.491+0000] {processor.py:829} INFO - Processing file /opt/airflow/dags/DAG.py for tasks to queue
[2024-11-20T13:01:07.492+0000] {logging_mixin.py:151} INFO - [2024-11-20T13:01:07.491+0000] {dagbag.py:539} INFO - Filling up the DagBag from /opt/airflow/dags/DAG.py
[2024-11-20T13:01:07.507+0000] {processor.py:839} INFO - DAG(s) dict_keys(['daily_clothing_crawler']) retrieved from /opt/airflow/dags/DAG.py
[2024-11-20T13:01:07.536+0000] {logging_mixin.py:151} INFO - [2024-11-20T13:01:07.535+0000] {dag.py:2915} INFO - Sync 1 DAGs
[2024-11-20T13:01:07.557+0000] {logging_mixin.py:151} INFO - [2024-11-20T13:01:07.557+0000] {dag.py:3696} INFO - Setting next_dagrun for daily_clothing_crawler to 2024-11-19T00:00:00+00:00, run_after=2024-11-20T00:00:00+00:00
[2024-11-20T13:01:07.572+0000] {processor.py:179} INFO - Processing /opt/airflow/dags/DAG.py took 0.086 seconds
[2024-11-20T13:01:37.847+0000] {processor.py:157} INFO - Started process (PID=267) to work on /opt/airflow/dags/DAG.py
[2024-11-20T13:01:37.848+0000] {processor.py:829} INFO - Processing file /opt/airflow/dags/DAG.py for tasks to queue
[2024-11-20T13:01:37.849+0000] {logging_mixin.py:151} INFO - [2024-11-20T13:01:37.848+0000] {dagbag.py:539} INFO - Filling up the DagBag from /opt/airflow/dags/DAG.py
[2024-11-20T13:01:37.871+0000] {processor.py:839} INFO - DAG(s) dict_keys(['daily_clothing_crawler']) retrieved from /opt/airflow/dags/DAG.py
[2024-11-20T13:01:37.899+0000] {logging_mixin.py:151} INFO - [2024-11-20T13:01:37.899+0000] {dag.py:2915} INFO - Sync 1 DAGs
[2024-11-20T13:01:37.914+0000] {logging_mixin.py:151} INFO - [2024-11-20T13:01:37.914+0000] {dag.py:3696} INFO - Setting next_dagrun for daily_clothing_crawler to 2024-11-19T00:00:00+00:00, run_after=2024-11-20T00:00:00+00:00
[2024-11-20T13:01:37.925+0000] {processor.py:179} INFO - Processing /opt/airflow/dags/DAG.py took 0.083 seconds
[2024-11-20T13:03:50.396+0000] {processor.py:157} INFO - Started process (PID=167) to work on /opt/airflow/dags/DAG.py
[2024-11-20T13:03:50.397+0000] {processor.py:829} INFO - Processing file /opt/airflow/dags/DAG.py for tasks to queue
[2024-11-20T13:03:50.398+0000] {logging_mixin.py:151} INFO - [2024-11-20T13:03:50.398+0000] {dagbag.py:539} INFO - Filling up the DagBag from /opt/airflow/dags/DAG.py
[2024-11-20T13:03:50.415+0000] {processor.py:839} INFO - DAG(s) dict_keys(['daily_clothing_crawler']) retrieved from /opt/airflow/dags/DAG.py
[2024-11-20T13:03:50.527+0000] {logging_mixin.py:151} INFO - [2024-11-20T13:03:50.527+0000] {manager.py:499} INFO - Created Permission View: %s
[2024-11-20T13:03:50.531+0000] {logging_mixin.py:151} INFO - [2024-11-20T13:03:50.531+0000] {manager.py:499} INFO - Created Permission View: %s
[2024-11-20T13:03:50.534+0000] {logging_mixin.py:151} INFO - [2024-11-20T13:03:50.534+0000] {manager.py:499} INFO - Created Permission View: %s
[2024-11-20T13:03:50.534+0000] {logging_mixin.py:151} INFO - [2024-11-20T13:03:50.534+0000] {security.py:708} INFO - Not syncing DAG-level permissions for DAG 'DAG:daily_clothing_crawler' as access control is unset.
[2024-11-20T13:03:50.534+0000] {logging_mixin.py:151} INFO - [2024-11-20T13:03:50.534+0000] {dag.py:2915} INFO - Sync 1 DAGs
[2024-11-20T13:03:50.540+0000] {logging_mixin.py:151} INFO - [2024-11-20T13:03:50.540+0000] {dag.py:2937} INFO - Creating ORM DAG for daily_clothing_crawler
[2024-11-20T13:03:50.545+0000] {logging_mixin.py:151} INFO - [2024-11-20T13:03:50.545+0000] {dag.py:3696} INFO - Setting next_dagrun for daily_clothing_crawler to 2024-11-19T00:00:00+00:00, run_after=2024-11-20T00:00:00+00:00
[2024-11-20T13:03:50.552+0000] {processor.py:179} INFO - Processing /opt/airflow/dags/DAG.py took 0.158 seconds
[2024-11-20T13:04:20.678+0000] {processor.py:157} INFO - Started process (PID=172) to work on /opt/airflow/dags/DAG.py
[2024-11-20T13:04:20.680+0000] {processor.py:829} INFO - Processing file /opt/airflow/dags/DAG.py for tasks to queue
[2024-11-20T13:04:20.682+0000] {logging_mixin.py:151} INFO - [2024-11-20T13:04:20.681+0000] {dagbag.py:539} INFO - Filling up the DagBag from /opt/airflow/dags/DAG.py
[2024-11-20T13:04:20.701+0000] {processor.py:839} INFO - DAG(s) dict_keys(['daily_clothing_crawler']) retrieved from /opt/airflow/dags/DAG.py
[2024-11-20T13:04:20.728+0000] {logging_mixin.py:151} INFO - [2024-11-20T13:04:20.728+0000] {dag.py:2915} INFO - Sync 1 DAGs
[2024-11-20T13:04:20.751+0000] {logging_mixin.py:151} INFO - [2024-11-20T13:04:20.751+0000] {dag.py:3696} INFO - Setting next_dagrun for daily_clothing_crawler to 2024-11-19T00:00:00+00:00, run_after=2024-11-20T00:00:00+00:00
[2024-11-20T13:04:20.761+0000] {processor.py:179} INFO - Processing /opt/airflow/dags/DAG.py took 0.090 seconds
[2024-11-20T13:06:11.134+0000] {processor.py:157} INFO - Started process (PID=166) to work on /opt/airflow/dags/DAG.py
[2024-11-20T13:06:11.136+0000] {processor.py:829} INFO - Processing file /opt/airflow/dags/DAG.py for tasks to queue
[2024-11-20T13:06:11.140+0000] {logging_mixin.py:151} INFO - [2024-11-20T13:06:11.139+0000] {dagbag.py:539} INFO - Filling up the DagBag from /opt/airflow/dags/DAG.py
[2024-11-20T13:06:11.158+0000] {processor.py:839} INFO - DAG(s) dict_keys(['daily_clothing_crawler']) retrieved from /opt/airflow/dags/DAG.py
[2024-11-20T13:06:11.173+0000] {logging_mixin.py:151} INFO - [2024-11-20T13:06:11.173+0000] {dag.py:2915} INFO - Sync 1 DAGs
[2024-11-20T13:06:11.187+0000] {logging_mixin.py:151} INFO - [2024-11-20T13:06:11.187+0000] {dag.py:3696} INFO - Setting next_dagrun for daily_clothing_crawler to 2024-11-19T00:00:00+00:00, run_after=2024-11-20T00:00:00+00:00
[2024-11-20T13:06:11.196+0000] {processor.py:179} INFO - Processing /opt/airflow/dags/DAG.py took 0.072 seconds
[2024-11-20T13:06:41.389+0000] {processor.py:157} INFO - Started process (PID=172) to work on /opt/airflow/dags/DAG.py
[2024-11-20T13:06:41.391+0000] {processor.py:829} INFO - Processing file /opt/airflow/dags/DAG.py for tasks to queue
[2024-11-20T13:06:41.392+0000] {logging_mixin.py:151} INFO - [2024-11-20T13:06:41.392+0000] {dagbag.py:539} INFO - Filling up the DagBag from /opt/airflow/dags/DAG.py
[2024-11-20T13:06:41.408+0000] {processor.py:839} INFO - DAG(s) dict_keys(['daily_clothing_crawler']) retrieved from /opt/airflow/dags/DAG.py
[2024-11-20T13:06:41.437+0000] {logging_mixin.py:151} INFO - [2024-11-20T13:06:41.437+0000] {dag.py:2915} INFO - Sync 1 DAGs
[2024-11-20T13:06:41.450+0000] {logging_mixin.py:151} INFO - [2024-11-20T13:06:41.450+0000] {dag.py:3696} INFO - Setting next_dagrun for daily_clothing_crawler to 2024-11-19T00:00:00+00:00, run_after=2024-11-20T00:00:00+00:00
[2024-11-20T13:06:41.459+0000] {processor.py:179} INFO - Processing /opt/airflow/dags/DAG.py took 0.075 seconds
[2024-11-20T13:07:11.785+0000] {processor.py:157} INFO - Started process (PID=177) to work on /opt/airflow/dags/DAG.py
[2024-11-20T13:07:11.787+0000] {processor.py:829} INFO - Processing file /opt/airflow/dags/DAG.py for tasks to queue
[2024-11-20T13:07:11.788+0000] {logging_mixin.py:151} INFO - [2024-11-20T13:07:11.787+0000] {dagbag.py:539} INFO - Filling up the DagBag from /opt/airflow/dags/DAG.py
[2024-11-20T13:07:11.825+0000] {processor.py:839} INFO - DAG(s) dict_keys(['daily_clothing_crawler']) retrieved from /opt/airflow/dags/DAG.py
[2024-11-20T13:07:11.855+0000] {logging_mixin.py:151} INFO - [2024-11-20T13:07:11.855+0000] {dag.py:2915} INFO - Sync 1 DAGs
[2024-11-20T13:07:11.870+0000] {logging_mixin.py:151} INFO - [2024-11-20T13:07:11.869+0000] {dag.py:3696} INFO - Setting next_dagrun for daily_clothing_crawler to 2024-11-19T00:00:00+00:00, run_after=2024-11-20T00:00:00+00:00
[2024-11-20T13:07:11.880+0000] {processor.py:179} INFO - Processing /opt/airflow/dags/DAG.py took 0.099 seconds
[2024-11-20T13:07:42.119+0000] {processor.py:157} INFO - Started process (PID=182) to work on /opt/airflow/dags/DAG.py
[2024-11-20T13:07:42.120+0000] {processor.py:829} INFO - Processing file /opt/airflow/dags/DAG.py for tasks to queue
[2024-11-20T13:07:42.121+0000] {logging_mixin.py:151} INFO - [2024-11-20T13:07:42.121+0000] {dagbag.py:539} INFO - Filling up the DagBag from /opt/airflow/dags/DAG.py
[2024-11-20T13:07:42.138+0000] {processor.py:839} INFO - DAG(s) dict_keys(['daily_clothing_crawler']) retrieved from /opt/airflow/dags/DAG.py
[2024-11-20T13:07:42.165+0000] {logging_mixin.py:151} INFO - [2024-11-20T13:07:42.165+0000] {dag.py:2915} INFO - Sync 1 DAGs
[2024-11-20T13:07:42.182+0000] {logging_mixin.py:151} INFO - [2024-11-20T13:07:42.181+0000] {dag.py:3696} INFO - Setting next_dagrun for daily_clothing_crawler to 2024-11-19T00:00:00+00:00, run_after=2024-11-20T00:00:00+00:00
[2024-11-20T13:07:42.330+0000] {processor.py:179} INFO - Processing /opt/airflow/dags/DAG.py took 0.215 seconds
[2024-11-20T13:08:12.497+0000] {processor.py:157} INFO - Started process (PID=187) to work on /opt/airflow/dags/DAG.py
[2024-11-20T13:08:12.498+0000] {processor.py:829} INFO - Processing file /opt/airflow/dags/DAG.py for tasks to queue
[2024-11-20T13:08:12.499+0000] {logging_mixin.py:151} INFO - [2024-11-20T13:08:12.499+0000] {dagbag.py:539} INFO - Filling up the DagBag from /opt/airflow/dags/DAG.py
[2024-11-20T13:08:12.520+0000] {processor.py:839} INFO - DAG(s) dict_keys(['daily_clothing_crawler']) retrieved from /opt/airflow/dags/DAG.py
[2024-11-20T13:08:12.551+0000] {logging_mixin.py:151} INFO - [2024-11-20T13:08:12.551+0000] {dag.py:2915} INFO - Sync 1 DAGs
[2024-11-20T13:08:12.705+0000] {logging_mixin.py:151} INFO - [2024-11-20T13:08:12.705+0000] {dag.py:3696} INFO - Setting next_dagrun for daily_clothing_crawler to 2024-11-19T00:00:00+00:00, run_after=2024-11-20T00:00:00+00:00
[2024-11-20T13:08:12.713+0000] {processor.py:179} INFO - Processing /opt/airflow/dags/DAG.py took 0.223 seconds
[2024-11-20T13:08:43.049+0000] {processor.py:157} INFO - Started process (PID=192) to work on /opt/airflow/dags/DAG.py
[2024-11-20T13:08:43.050+0000] {processor.py:829} INFO - Processing file /opt/airflow/dags/DAG.py for tasks to queue
[2024-11-20T13:08:43.051+0000] {logging_mixin.py:151} INFO - [2024-11-20T13:08:43.051+0000] {dagbag.py:539} INFO - Filling up the DagBag from /opt/airflow/dags/DAG.py
[2024-11-20T13:08:43.070+0000] {processor.py:839} INFO - DAG(s) dict_keys(['daily_clothing_crawler']) retrieved from /opt/airflow/dags/DAG.py
[2024-11-20T13:08:43.245+0000] {logging_mixin.py:151} INFO - [2024-11-20T13:08:43.245+0000] {dag.py:2915} INFO - Sync 1 DAGs
[2024-11-20T13:08:43.255+0000] {logging_mixin.py:151} INFO - [2024-11-20T13:08:43.255+0000] {dag.py:3696} INFO - Setting next_dagrun for daily_clothing_crawler to 2024-11-19T00:00:00+00:00, run_after=2024-11-20T00:00:00+00:00
[2024-11-20T13:08:43.263+0000] {processor.py:179} INFO - Processing /opt/airflow/dags/DAG.py took 0.219 seconds
[2024-11-20T13:09:13.408+0000] {processor.py:157} INFO - Started process (PID=197) to work on /opt/airflow/dags/DAG.py
[2024-11-20T13:09:13.410+0000] {processor.py:829} INFO - Processing file /opt/airflow/dags/DAG.py for tasks to queue
[2024-11-20T13:09:13.411+0000] {logging_mixin.py:151} INFO - [2024-11-20T13:09:13.411+0000] {dagbag.py:539} INFO - Filling up the DagBag from /opt/airflow/dags/DAG.py
[2024-11-20T13:09:13.433+0000] {processor.py:839} INFO - DAG(s) dict_keys(['daily_clothing_crawler']) retrieved from /opt/airflow/dags/DAG.py
[2024-11-20T13:09:13.602+0000] {logging_mixin.py:151} INFO - [2024-11-20T13:09:13.602+0000] {dag.py:2915} INFO - Sync 1 DAGs
[2024-11-20T13:09:13.611+0000] {logging_mixin.py:151} INFO - [2024-11-20T13:09:13.611+0000] {dag.py:3696} INFO - Setting next_dagrun for daily_clothing_crawler to 2024-11-19T00:00:00+00:00, run_after=2024-11-20T00:00:00+00:00
[2024-11-20T13:09:13.619+0000] {processor.py:179} INFO - Processing /opt/airflow/dags/DAG.py took 0.218 seconds
[2024-11-20T13:09:43.900+0000] {processor.py:157} INFO - Started process (PID=202) to work on /opt/airflow/dags/DAG.py
[2024-11-20T13:09:43.901+0000] {processor.py:829} INFO - Processing file /opt/airflow/dags/DAG.py for tasks to queue
[2024-11-20T13:09:43.902+0000] {logging_mixin.py:151} INFO - [2024-11-20T13:09:43.901+0000] {dagbag.py:539} INFO - Filling up the DagBag from /opt/airflow/dags/DAG.py
[2024-11-20T13:09:43.917+0000] {processor.py:839} INFO - DAG(s) dict_keys(['daily_clothing_crawler']) retrieved from /opt/airflow/dags/DAG.py
[2024-11-20T13:09:43.962+0000] {logging_mixin.py:151} INFO - [2024-11-20T13:09:43.962+0000] {dag.py:2915} INFO - Sync 1 DAGs
[2024-11-20T13:09:43.975+0000] {logging_mixin.py:151} INFO - [2024-11-20T13:09:43.975+0000] {dag.py:3696} INFO - Setting next_dagrun for daily_clothing_crawler to 2024-11-19T00:00:00+00:00, run_after=2024-11-20T00:00:00+00:00
[2024-11-20T13:09:43.983+0000] {processor.py:179} INFO - Processing /opt/airflow/dags/DAG.py took 0.088 seconds
[2024-11-20T13:10:14.208+0000] {processor.py:157} INFO - Started process (PID=207) to work on /opt/airflow/dags/DAG.py
[2024-11-20T13:10:14.209+0000] {processor.py:829} INFO - Processing file /opt/airflow/dags/DAG.py for tasks to queue
[2024-11-20T13:10:14.210+0000] {logging_mixin.py:151} INFO - [2024-11-20T13:10:14.210+0000] {dagbag.py:539} INFO - Filling up the DagBag from /opt/airflow/dags/DAG.py
[2024-11-20T13:10:14.227+0000] {processor.py:839} INFO - DAG(s) dict_keys(['daily_clothing_crawler']) retrieved from /opt/airflow/dags/DAG.py
[2024-11-20T13:10:14.255+0000] {logging_mixin.py:151} INFO - [2024-11-20T13:10:14.254+0000] {dag.py:2915} INFO - Sync 1 DAGs
[2024-11-20T13:10:14.276+0000] {logging_mixin.py:151} INFO - [2024-11-20T13:10:14.276+0000] {dag.py:3696} INFO - Setting next_dagrun for daily_clothing_crawler to 2024-11-19T00:00:00+00:00, run_after=2024-11-20T00:00:00+00:00
[2024-11-20T13:10:14.285+0000] {processor.py:179} INFO - Processing /opt/airflow/dags/DAG.py took 0.082 seconds
[2024-11-20T13:10:44.611+0000] {processor.py:157} INFO - Started process (PID=212) to work on /opt/airflow/dags/DAG.py
[2024-11-20T13:10:44.613+0000] {processor.py:829} INFO - Processing file /opt/airflow/dags/DAG.py for tasks to queue
[2024-11-20T13:10:44.614+0000] {logging_mixin.py:151} INFO - [2024-11-20T13:10:44.613+0000] {dagbag.py:539} INFO - Filling up the DagBag from /opt/airflow/dags/DAG.py
[2024-11-20T13:10:44.635+0000] {processor.py:839} INFO - DAG(s) dict_keys(['daily_clothing_crawler']) retrieved from /opt/airflow/dags/DAG.py
[2024-11-20T13:10:44.661+0000] {logging_mixin.py:151} INFO - [2024-11-20T13:10:44.661+0000] {dag.py:2915} INFO - Sync 1 DAGs
[2024-11-20T13:10:44.675+0000] {logging_mixin.py:151} INFO - [2024-11-20T13:10:44.675+0000] {dag.py:3696} INFO - Setting next_dagrun for daily_clothing_crawler to 2024-11-19T00:00:00+00:00, run_after=2024-11-20T00:00:00+00:00
[2024-11-20T13:10:44.684+0000] {processor.py:179} INFO - Processing /opt/airflow/dags/DAG.py took 0.081 seconds
[2024-11-20T13:11:14.982+0000] {processor.py:157} INFO - Started process (PID=217) to work on /opt/airflow/dags/DAG.py
[2024-11-20T13:11:14.983+0000] {processor.py:829} INFO - Processing file /opt/airflow/dags/DAG.py for tasks to queue
[2024-11-20T13:11:14.984+0000] {logging_mixin.py:151} INFO - [2024-11-20T13:11:14.983+0000] {dagbag.py:539} INFO - Filling up the DagBag from /opt/airflow/dags/DAG.py
[2024-11-20T13:11:14.995+0000] {processor.py:839} INFO - DAG(s) dict_keys(['daily_clothing_crawler']) retrieved from /opt/airflow/dags/DAG.py
[2024-11-20T13:11:15.012+0000] {logging_mixin.py:151} INFO - [2024-11-20T13:11:15.012+0000] {dag.py:2915} INFO - Sync 1 DAGs
[2024-11-20T13:11:15.024+0000] {logging_mixin.py:151} INFO - [2024-11-20T13:11:15.024+0000] {dag.py:3696} INFO - Setting next_dagrun for daily_clothing_crawler to 2024-11-19T00:00:00+00:00, run_after=2024-11-20T00:00:00+00:00
[2024-11-20T13:11:15.033+0000] {processor.py:179} INFO - Processing /opt/airflow/dags/DAG.py took 0.053 seconds
[2024-11-20T13:11:45.276+0000] {processor.py:157} INFO - Started process (PID=222) to work on /opt/airflow/dags/DAG.py
[2024-11-20T13:11:45.278+0000] {processor.py:829} INFO - Processing file /opt/airflow/dags/DAG.py for tasks to queue
[2024-11-20T13:11:45.285+0000] {logging_mixin.py:151} INFO - [2024-11-20T13:11:45.283+0000] {dagbag.py:539} INFO - Filling up the DagBag from /opt/airflow/dags/DAG.py
[2024-11-20T13:11:45.315+0000] {processor.py:839} INFO - DAG(s) dict_keys(['daily_clothing_crawler']) retrieved from /opt/airflow/dags/DAG.py
[2024-11-20T13:11:45.343+0000] {logging_mixin.py:151} INFO - [2024-11-20T13:11:45.343+0000] {dag.py:2915} INFO - Sync 1 DAGs
[2024-11-20T13:11:45.359+0000] {logging_mixin.py:151} INFO - [2024-11-20T13:11:45.359+0000] {dag.py:3696} INFO - Setting next_dagrun for daily_clothing_crawler to 2024-11-19T00:00:00+00:00, run_after=2024-11-20T00:00:00+00:00
[2024-11-20T13:11:45.369+0000] {processor.py:179} INFO - Processing /opt/airflow/dags/DAG.py took 0.102 seconds
[2024-11-20T13:12:15.696+0000] {processor.py:157} INFO - Started process (PID=227) to work on /opt/airflow/dags/DAG.py
[2024-11-20T13:12:15.697+0000] {processor.py:829} INFO - Processing file /opt/airflow/dags/DAG.py for tasks to queue
[2024-11-20T13:12:15.698+0000] {logging_mixin.py:151} INFO - [2024-11-20T13:12:15.697+0000] {dagbag.py:539} INFO - Filling up the DagBag from /opt/airflow/dags/DAG.py
[2024-11-20T13:12:15.737+0000] {processor.py:839} INFO - DAG(s) dict_keys(['daily_clothing_crawler']) retrieved from /opt/airflow/dags/DAG.py
[2024-11-20T13:12:15.766+0000] {logging_mixin.py:151} INFO - [2024-11-20T13:12:15.765+0000] {dag.py:2915} INFO - Sync 1 DAGs
[2024-11-20T13:12:15.780+0000] {logging_mixin.py:151} INFO - [2024-11-20T13:12:15.780+0000] {dag.py:3696} INFO - Setting next_dagrun for daily_clothing_crawler to 2024-11-19T00:00:00+00:00, run_after=2024-11-20T00:00:00+00:00
[2024-11-20T13:12:15.791+0000] {processor.py:179} INFO - Processing /opt/airflow/dags/DAG.py took 0.101 seconds
[2024-11-20T13:12:46.087+0000] {processor.py:157} INFO - Started process (PID=232) to work on /opt/airflow/dags/DAG.py
[2024-11-20T13:12:46.088+0000] {processor.py:829} INFO - Processing file /opt/airflow/dags/DAG.py for tasks to queue
[2024-11-20T13:12:46.089+0000] {logging_mixin.py:151} INFO - [2024-11-20T13:12:46.088+0000] {dagbag.py:539} INFO - Filling up the DagBag from /opt/airflow/dags/DAG.py
[2024-11-20T13:12:46.108+0000] {processor.py:839} INFO - DAG(s) dict_keys(['daily_clothing_crawler']) retrieved from /opt/airflow/dags/DAG.py
[2024-11-20T13:12:46.133+0000] {logging_mixin.py:151} INFO - [2024-11-20T13:12:46.133+0000] {dag.py:2915} INFO - Sync 1 DAGs
[2024-11-20T13:12:46.162+0000] {logging_mixin.py:151} INFO - [2024-11-20T13:12:46.162+0000] {dag.py:3696} INFO - Setting next_dagrun for daily_clothing_crawler to 2024-11-19T00:00:00+00:00, run_after=2024-11-20T00:00:00+00:00
[2024-11-20T13:12:46.171+0000] {processor.py:179} INFO - Processing /opt/airflow/dags/DAG.py took 0.103 seconds
[2024-11-20T13:13:16.454+0000] {processor.py:157} INFO - Started process (PID=237) to work on /opt/airflow/dags/DAG.py
[2024-11-20T13:13:16.456+0000] {processor.py:829} INFO - Processing file /opt/airflow/dags/DAG.py for tasks to queue
[2024-11-20T13:13:16.457+0000] {logging_mixin.py:151} INFO - [2024-11-20T13:13:16.456+0000] {dagbag.py:539} INFO - Filling up the DagBag from /opt/airflow/dags/DAG.py
[2024-11-20T13:13:16.481+0000] {processor.py:839} INFO - DAG(s) dict_keys(['daily_clothing_crawler']) retrieved from /opt/airflow/dags/DAG.py
[2024-11-20T13:13:16.511+0000] {logging_mixin.py:151} INFO - [2024-11-20T13:13:16.511+0000] {dag.py:2915} INFO - Sync 1 DAGs
[2024-11-20T13:13:16.530+0000] {logging_mixin.py:151} INFO - [2024-11-20T13:13:16.529+0000] {dag.py:3696} INFO - Setting next_dagrun for daily_clothing_crawler to 2024-11-19T00:00:00+00:00, run_after=2024-11-20T00:00:00+00:00
[2024-11-20T13:13:16.541+0000] {processor.py:179} INFO - Processing /opt/airflow/dags/DAG.py took 0.094 seconds
[2024-11-20T13:13:46.826+0000] {processor.py:157} INFO - Started process (PID=242) to work on /opt/airflow/dags/DAG.py
[2024-11-20T13:13:46.827+0000] {processor.py:829} INFO - Processing file /opt/airflow/dags/DAG.py for tasks to queue
[2024-11-20T13:13:46.829+0000] {logging_mixin.py:151} INFO - [2024-11-20T13:13:46.828+0000] {dagbag.py:539} INFO - Filling up the DagBag from /opt/airflow/dags/DAG.py
[2024-11-20T13:13:46.856+0000] {processor.py:839} INFO - DAG(s) dict_keys(['daily_clothing_crawler']) retrieved from /opt/airflow/dags/DAG.py
[2024-11-20T13:13:46.884+0000] {logging_mixin.py:151} INFO - [2024-11-20T13:13:46.884+0000] {dag.py:2915} INFO - Sync 1 DAGs
[2024-11-20T13:13:46.901+0000] {logging_mixin.py:151} INFO - [2024-11-20T13:13:46.901+0000] {dag.py:3696} INFO - Setting next_dagrun for daily_clothing_crawler to 2024-11-19T00:00:00+00:00, run_after=2024-11-20T00:00:00+00:00
[2024-11-20T13:13:46.911+0000] {processor.py:179} INFO - Processing /opt/airflow/dags/DAG.py took 0.097 seconds
[2024-11-20T13:14:17.212+0000] {processor.py:157} INFO - Started process (PID=247) to work on /opt/airflow/dags/DAG.py
[2024-11-20T13:14:17.213+0000] {processor.py:829} INFO - Processing file /opt/airflow/dags/DAG.py for tasks to queue
[2024-11-20T13:14:17.214+0000] {logging_mixin.py:151} INFO - [2024-11-20T13:14:17.213+0000] {dagbag.py:539} INFO - Filling up the DagBag from /opt/airflow/dags/DAG.py
[2024-11-20T13:14:17.231+0000] {processor.py:839} INFO - DAG(s) dict_keys(['daily_clothing_crawler']) retrieved from /opt/airflow/dags/DAG.py
[2024-11-20T13:14:17.255+0000] {logging_mixin.py:151} INFO - [2024-11-20T13:14:17.255+0000] {dag.py:2915} INFO - Sync 1 DAGs
[2024-11-20T13:14:17.273+0000] {logging_mixin.py:151} INFO - [2024-11-20T13:14:17.273+0000] {dag.py:3696} INFO - Setting next_dagrun for daily_clothing_crawler to 2024-11-19T00:00:00+00:00, run_after=2024-11-20T00:00:00+00:00
[2024-11-20T13:14:17.293+0000] {processor.py:179} INFO - Processing /opt/airflow/dags/DAG.py took 0.091 seconds
[2024-11-20T13:14:47.557+0000] {processor.py:157} INFO - Started process (PID=252) to work on /opt/airflow/dags/DAG.py
[2024-11-20T13:14:47.559+0000] {processor.py:829} INFO - Processing file /opt/airflow/dags/DAG.py for tasks to queue
[2024-11-20T13:14:47.560+0000] {logging_mixin.py:151} INFO - [2024-11-20T13:14:47.560+0000] {dagbag.py:539} INFO - Filling up the DagBag from /opt/airflow/dags/DAG.py
[2024-11-20T13:14:47.582+0000] {processor.py:839} INFO - DAG(s) dict_keys(['daily_clothing_crawler']) retrieved from /opt/airflow/dags/DAG.py
[2024-11-20T13:14:47.631+0000] {logging_mixin.py:151} INFO - [2024-11-20T13:14:47.631+0000] {dag.py:2915} INFO - Sync 1 DAGs
[2024-11-20T13:14:47.648+0000] {logging_mixin.py:151} INFO - [2024-11-20T13:14:47.648+0000] {dag.py:3696} INFO - Setting next_dagrun for daily_clothing_crawler to 2024-11-19T00:00:00+00:00, run_after=2024-11-20T00:00:00+00:00
[2024-11-20T13:14:47.659+0000] {processor.py:179} INFO - Processing /opt/airflow/dags/DAG.py took 0.110 seconds
[2024-11-20T13:15:17.952+0000] {processor.py:157} INFO - Started process (PID=257) to work on /opt/airflow/dags/DAG.py
[2024-11-20T13:15:17.954+0000] {processor.py:829} INFO - Processing file /opt/airflow/dags/DAG.py for tasks to queue
[2024-11-20T13:15:17.955+0000] {logging_mixin.py:151} INFO - [2024-11-20T13:15:17.954+0000] {dagbag.py:539} INFO - Filling up the DagBag from /opt/airflow/dags/DAG.py
[2024-11-20T13:15:18.001+0000] {processor.py:839} INFO - DAG(s) dict_keys(['daily_clothing_crawler']) retrieved from /opt/airflow/dags/DAG.py
[2024-11-20T13:15:18.030+0000] {logging_mixin.py:151} INFO - [2024-11-20T13:15:18.030+0000] {dag.py:2915} INFO - Sync 1 DAGs
[2024-11-20T13:15:18.047+0000] {logging_mixin.py:151} INFO - [2024-11-20T13:15:18.047+0000] {dag.py:3696} INFO - Setting next_dagrun for daily_clothing_crawler to 2024-11-19T00:00:00+00:00, run_after=2024-11-20T00:00:00+00:00
[2024-11-20T13:15:18.057+0000] {processor.py:179} INFO - Processing /opt/airflow/dags/DAG.py took 0.111 seconds
[2024-11-20T13:15:48.334+0000] {processor.py:157} INFO - Started process (PID=262) to work on /opt/airflow/dags/DAG.py
[2024-11-20T13:15:48.337+0000] {processor.py:829} INFO - Processing file /opt/airflow/dags/DAG.py for tasks to queue
[2024-11-20T13:15:48.341+0000] {logging_mixin.py:151} INFO - [2024-11-20T13:15:48.340+0000] {dagbag.py:539} INFO - Filling up the DagBag from /opt/airflow/dags/DAG.py
[2024-11-20T13:15:48.373+0000] {processor.py:839} INFO - DAG(s) dict_keys(['daily_clothing_crawler']) retrieved from /opt/airflow/dags/DAG.py
[2024-11-20T13:15:48.402+0000] {logging_mixin.py:151} INFO - [2024-11-20T13:15:48.401+0000] {dag.py:2915} INFO - Sync 1 DAGs
[2024-11-20T13:15:48.429+0000] {logging_mixin.py:151} INFO - [2024-11-20T13:15:48.429+0000] {dag.py:3696} INFO - Setting next_dagrun for daily_clothing_crawler to 2024-11-19T00:00:00+00:00, run_after=2024-11-20T00:00:00+00:00
[2024-11-20T13:15:48.440+0000] {processor.py:179} INFO - Processing /opt/airflow/dags/DAG.py took 0.112 seconds
[2024-11-20T13:16:18.692+0000] {processor.py:157} INFO - Started process (PID=267) to work on /opt/airflow/dags/DAG.py
[2024-11-20T13:16:18.693+0000] {processor.py:829} INFO - Processing file /opt/airflow/dags/DAG.py for tasks to queue
[2024-11-20T13:16:18.694+0000] {logging_mixin.py:151} INFO - [2024-11-20T13:16:18.693+0000] {dagbag.py:539} INFO - Filling up the DagBag from /opt/airflow/dags/DAG.py
[2024-11-20T13:16:18.712+0000] {processor.py:839} INFO - DAG(s) dict_keys(['daily_clothing_crawler']) retrieved from /opt/airflow/dags/DAG.py
[2024-11-20T13:16:18.737+0000] {logging_mixin.py:151} INFO - [2024-11-20T13:16:18.737+0000] {dag.py:2915} INFO - Sync 1 DAGs
[2024-11-20T13:16:18.753+0000] {logging_mixin.py:151} INFO - [2024-11-20T13:16:18.753+0000] {dag.py:3696} INFO - Setting next_dagrun for daily_clothing_crawler to 2024-11-19T00:00:00+00:00, run_after=2024-11-20T00:00:00+00:00
[2024-11-20T13:16:18.763+0000] {processor.py:179} INFO - Processing /opt/airflow/dags/DAG.py took 0.076 seconds
[2024-11-20T13:16:48.973+0000] {processor.py:157} INFO - Started process (PID=272) to work on /opt/airflow/dags/DAG.py
[2024-11-20T13:16:48.973+0000] {processor.py:829} INFO - Processing file /opt/airflow/dags/DAG.py for tasks to queue
[2024-11-20T13:16:48.974+0000] {logging_mixin.py:151} INFO - [2024-11-20T13:16:48.974+0000] {dagbag.py:539} INFO - Filling up the DagBag from /opt/airflow/dags/DAG.py
[2024-11-20T13:16:48.986+0000] {processor.py:839} INFO - DAG(s) dict_keys(['daily_clothing_crawler']) retrieved from /opt/airflow/dags/DAG.py
[2024-11-20T13:16:49.009+0000] {logging_mixin.py:151} INFO - [2024-11-20T13:16:49.009+0000] {dag.py:2915} INFO - Sync 1 DAGs
[2024-11-20T13:16:49.023+0000] {logging_mixin.py:151} INFO - [2024-11-20T13:16:49.023+0000] {dag.py:3696} INFO - Setting next_dagrun for daily_clothing_crawler to 2024-11-19T00:00:00+00:00, run_after=2024-11-20T00:00:00+00:00
[2024-11-20T13:16:49.032+0000] {processor.py:179} INFO - Processing /opt/airflow/dags/DAG.py took 0.063 seconds
[2024-11-20T13:17:19.311+0000] {processor.py:157} INFO - Started process (PID=277) to work on /opt/airflow/dags/DAG.py
[2024-11-20T13:17:19.312+0000] {processor.py:829} INFO - Processing file /opt/airflow/dags/DAG.py for tasks to queue
[2024-11-20T13:17:19.314+0000] {logging_mixin.py:151} INFO - [2024-11-20T13:17:19.313+0000] {dagbag.py:539} INFO - Filling up the DagBag from /opt/airflow/dags/DAG.py
[2024-11-20T13:17:19.352+0000] {processor.py:839} INFO - DAG(s) dict_keys(['daily_clothing_crawler']) retrieved from /opt/airflow/dags/DAG.py
[2024-11-20T13:17:19.387+0000] {logging_mixin.py:151} INFO - [2024-11-20T13:17:19.387+0000] {dag.py:2915} INFO - Sync 1 DAGs
[2024-11-20T13:17:19.403+0000] {logging_mixin.py:151} INFO - [2024-11-20T13:17:19.403+0000] {dag.py:3696} INFO - Setting next_dagrun for daily_clothing_crawler to 2024-11-19T00:00:00+00:00, run_after=2024-11-20T00:00:00+00:00
[2024-11-20T13:17:19.413+0000] {processor.py:179} INFO - Processing /opt/airflow/dags/DAG.py took 0.107 seconds
[2024-11-20T13:17:49.670+0000] {processor.py:157} INFO - Started process (PID=282) to work on /opt/airflow/dags/DAG.py
[2024-11-20T13:17:49.672+0000] {processor.py:829} INFO - Processing file /opt/airflow/dags/DAG.py for tasks to queue
[2024-11-20T13:17:49.674+0000] {logging_mixin.py:151} INFO - [2024-11-20T13:17:49.673+0000] {dagbag.py:539} INFO - Filling up the DagBag from /opt/airflow/dags/DAG.py
[2024-11-20T13:17:49.696+0000] {processor.py:839} INFO - DAG(s) dict_keys(['daily_clothing_crawler']) retrieved from /opt/airflow/dags/DAG.py
[2024-11-20T13:17:49.735+0000] {logging_mixin.py:151} INFO - [2024-11-20T13:17:49.735+0000] {dag.py:2915} INFO - Sync 1 DAGs
[2024-11-20T13:17:49.753+0000] {logging_mixin.py:151} INFO - [2024-11-20T13:17:49.753+0000] {dag.py:3696} INFO - Setting next_dagrun for daily_clothing_crawler to 2024-11-19T00:00:00+00:00, run_after=2024-11-20T00:00:00+00:00
[2024-11-20T13:17:49.769+0000] {processor.py:179} INFO - Processing /opt/airflow/dags/DAG.py took 0.107 seconds
[2024-11-20T13:18:20.118+0000] {processor.py:157} INFO - Started process (PID=287) to work on /opt/airflow/dags/DAG.py
[2024-11-20T13:18:20.121+0000] {processor.py:829} INFO - Processing file /opt/airflow/dags/DAG.py for tasks to queue
[2024-11-20T13:18:20.124+0000] {logging_mixin.py:151} INFO - [2024-11-20T13:18:20.122+0000] {dagbag.py:539} INFO - Filling up the DagBag from /opt/airflow/dags/DAG.py
[2024-11-20T13:18:20.149+0000] {processor.py:839} INFO - DAG(s) dict_keys(['daily_clothing_crawler']) retrieved from /opt/airflow/dags/DAG.py
[2024-11-20T13:18:20.180+0000] {logging_mixin.py:151} INFO - [2024-11-20T13:18:20.180+0000] {dag.py:2915} INFO - Sync 1 DAGs
[2024-11-20T13:18:20.200+0000] {logging_mixin.py:151} INFO - [2024-11-20T13:18:20.200+0000] {dag.py:3696} INFO - Setting next_dagrun for daily_clothing_crawler to 2024-11-19T00:00:00+00:00, run_after=2024-11-20T00:00:00+00:00
[2024-11-20T13:18:20.216+0000] {processor.py:179} INFO - Processing /opt/airflow/dags/DAG.py took 0.111 seconds
[2024-11-20T13:18:50.505+0000] {processor.py:157} INFO - Started process (PID=292) to work on /opt/airflow/dags/DAG.py
[2024-11-20T13:18:50.506+0000] {processor.py:829} INFO - Processing file /opt/airflow/dags/DAG.py for tasks to queue
[2024-11-20T13:18:50.507+0000] {logging_mixin.py:151} INFO - [2024-11-20T13:18:50.507+0000] {dagbag.py:539} INFO - Filling up the DagBag from /opt/airflow/dags/DAG.py
[2024-11-20T13:18:50.534+0000] {processor.py:839} INFO - DAG(s) dict_keys(['daily_clothing_crawler']) retrieved from /opt/airflow/dags/DAG.py
[2024-11-20T13:18:50.561+0000] {logging_mixin.py:151} INFO - [2024-11-20T13:18:50.561+0000] {dag.py:2915} INFO - Sync 1 DAGs
[2024-11-20T13:18:50.577+0000] {logging_mixin.py:151} INFO - [2024-11-20T13:18:50.577+0000] {dag.py:3696} INFO - Setting next_dagrun for daily_clothing_crawler to 2024-11-19T00:00:00+00:00, run_after=2024-11-20T00:00:00+00:00
[2024-11-20T13:18:50.588+0000] {processor.py:179} INFO - Processing /opt/airflow/dags/DAG.py took 0.090 seconds
[2024-11-20T13:19:20.924+0000] {processor.py:157} INFO - Started process (PID=297) to work on /opt/airflow/dags/DAG.py
[2024-11-20T13:19:20.926+0000] {processor.py:829} INFO - Processing file /opt/airflow/dags/DAG.py for tasks to queue
[2024-11-20T13:19:20.927+0000] {logging_mixin.py:151} INFO - [2024-11-20T13:19:20.927+0000] {dagbag.py:539} INFO - Filling up the DagBag from /opt/airflow/dags/DAG.py
[2024-11-20T13:19:20.954+0000] {processor.py:839} INFO - DAG(s) dict_keys(['daily_clothing_crawler']) retrieved from /opt/airflow/dags/DAG.py
[2024-11-20T13:19:20.984+0000] {logging_mixin.py:151} INFO - [2024-11-20T13:19:20.984+0000] {dag.py:2915} INFO - Sync 1 DAGs
[2024-11-20T13:19:21.002+0000] {logging_mixin.py:151} INFO - [2024-11-20T13:19:21.001+0000] {dag.py:3696} INFO - Setting next_dagrun for daily_clothing_crawler to 2024-11-19T00:00:00+00:00, run_after=2024-11-20T00:00:00+00:00
[2024-11-20T13:19:21.015+0000] {processor.py:179} INFO - Processing /opt/airflow/dags/DAG.py took 0.098 seconds
[2024-11-20T13:19:51.250+0000] {processor.py:157} INFO - Started process (PID=302) to work on /opt/airflow/dags/DAG.py
[2024-11-20T13:19:51.251+0000] {processor.py:829} INFO - Processing file /opt/airflow/dags/DAG.py for tasks to queue
[2024-11-20T13:19:51.252+0000] {logging_mixin.py:151} INFO - [2024-11-20T13:19:51.252+0000] {dagbag.py:539} INFO - Filling up the DagBag from /opt/airflow/dags/DAG.py
[2024-11-20T13:19:51.276+0000] {processor.py:839} INFO - DAG(s) dict_keys(['daily_clothing_crawler']) retrieved from /opt/airflow/dags/DAG.py
[2024-11-20T13:19:51.301+0000] {logging_mixin.py:151} INFO - [2024-11-20T13:19:51.301+0000] {dag.py:2915} INFO - Sync 1 DAGs
[2024-11-20T13:19:51.317+0000] {logging_mixin.py:151} INFO - [2024-11-20T13:19:51.316+0000] {dag.py:3696} INFO - Setting next_dagrun for daily_clothing_crawler to 2024-11-19T00:00:00+00:00, run_after=2024-11-20T00:00:00+00:00
[2024-11-20T13:19:51.327+0000] {processor.py:179} INFO - Processing /opt/airflow/dags/DAG.py took 0.084 seconds
[2024-11-20T13:20:21.685+0000] {processor.py:157} INFO - Started process (PID=307) to work on /opt/airflow/dags/DAG.py
[2024-11-20T13:20:21.686+0000] {processor.py:829} INFO - Processing file /opt/airflow/dags/DAG.py for tasks to queue
[2024-11-20T13:20:21.688+0000] {logging_mixin.py:151} INFO - [2024-11-20T13:20:21.687+0000] {dagbag.py:539} INFO - Filling up the DagBag from /opt/airflow/dags/DAG.py
[2024-11-20T13:20:21.711+0000] {processor.py:839} INFO - DAG(s) dict_keys(['daily_clothing_crawler']) retrieved from /opt/airflow/dags/DAG.py
[2024-11-20T13:20:21.742+0000] {logging_mixin.py:151} INFO - [2024-11-20T13:20:21.742+0000] {dag.py:2915} INFO - Sync 1 DAGs
[2024-11-20T13:20:21.758+0000] {logging_mixin.py:151} INFO - [2024-11-20T13:20:21.758+0000] {dag.py:3696} INFO - Setting next_dagrun for daily_clothing_crawler to 2024-11-19T00:00:00+00:00, run_after=2024-11-20T00:00:00+00:00
[2024-11-20T13:20:21.769+0000] {processor.py:179} INFO - Processing /opt/airflow/dags/DAG.py took 0.092 seconds
[2024-11-20T13:20:52.050+0000] {processor.py:157} INFO - Started process (PID=312) to work on /opt/airflow/dags/DAG.py
[2024-11-20T13:20:52.051+0000] {processor.py:829} INFO - Processing file /opt/airflow/dags/DAG.py for tasks to queue
[2024-11-20T13:20:52.052+0000] {logging_mixin.py:151} INFO - [2024-11-20T13:20:52.052+0000] {dagbag.py:539} INFO - Filling up the DagBag from /opt/airflow/dags/DAG.py
[2024-11-20T13:20:52.065+0000] {processor.py:839} INFO - DAG(s) dict_keys(['daily_clothing_crawler']) retrieved from /opt/airflow/dags/DAG.py
[2024-11-20T13:20:52.086+0000] {logging_mixin.py:151} INFO - [2024-11-20T13:20:52.085+0000] {dag.py:2915} INFO - Sync 1 DAGs
[2024-11-20T13:20:52.099+0000] {logging_mixin.py:151} INFO - [2024-11-20T13:20:52.099+0000] {dag.py:3696} INFO - Setting next_dagrun for daily_clothing_crawler to 2024-11-19T00:00:00+00:00, run_after=2024-11-20T00:00:00+00:00
[2024-11-20T13:20:52.108+0000] {processor.py:179} INFO - Processing /opt/airflow/dags/DAG.py took 0.063 seconds
[2024-11-20T13:21:22.405+0000] {processor.py:157} INFO - Started process (PID=317) to work on /opt/airflow/dags/DAG.py
[2024-11-20T13:21:22.406+0000] {processor.py:829} INFO - Processing file /opt/airflow/dags/DAG.py for tasks to queue
[2024-11-20T13:21:22.407+0000] {logging_mixin.py:151} INFO - [2024-11-20T13:21:22.407+0000] {dagbag.py:539} INFO - Filling up the DagBag from /opt/airflow/dags/DAG.py
[2024-11-20T13:21:22.430+0000] {processor.py:839} INFO - DAG(s) dict_keys(['daily_clothing_crawler']) retrieved from /opt/airflow/dags/DAG.py
[2024-11-20T13:21:22.460+0000] {logging_mixin.py:151} INFO - [2024-11-20T13:21:22.460+0000] {dag.py:2915} INFO - Sync 1 DAGs
[2024-11-20T13:21:22.475+0000] {logging_mixin.py:151} INFO - [2024-11-20T13:21:22.475+0000] {dag.py:3696} INFO - Setting next_dagrun for daily_clothing_crawler to 2024-11-19T00:00:00+00:00, run_after=2024-11-20T00:00:00+00:00
[2024-11-20T13:21:22.484+0000] {processor.py:179} INFO - Processing /opt/airflow/dags/DAG.py took 0.085 seconds
[2024-11-20T13:21:52.761+0000] {processor.py:157} INFO - Started process (PID=322) to work on /opt/airflow/dags/DAG.py
[2024-11-20T13:21:52.762+0000] {processor.py:829} INFO - Processing file /opt/airflow/dags/DAG.py for tasks to queue
[2024-11-20T13:21:52.763+0000] {logging_mixin.py:151} INFO - [2024-11-20T13:21:52.763+0000] {dagbag.py:539} INFO - Filling up the DagBag from /opt/airflow/dags/DAG.py
[2024-11-20T13:21:52.777+0000] {processor.py:839} INFO - DAG(s) dict_keys(['daily_clothing_crawler']) retrieved from /opt/airflow/dags/DAG.py
[2024-11-20T13:21:52.798+0000] {logging_mixin.py:151} INFO - [2024-11-20T13:21:52.798+0000] {dag.py:2915} INFO - Sync 1 DAGs
[2024-11-20T13:21:52.810+0000] {logging_mixin.py:151} INFO - [2024-11-20T13:21:52.810+0000] {dag.py:3696} INFO - Setting next_dagrun for daily_clothing_crawler to 2024-11-19T00:00:00+00:00, run_after=2024-11-20T00:00:00+00:00
[2024-11-20T13:21:52.820+0000] {processor.py:179} INFO - Processing /opt/airflow/dags/DAG.py took 0.063 seconds
[2024-11-20T13:22:23.200+0000] {processor.py:157} INFO - Started process (PID=327) to work on /opt/airflow/dags/DAG.py
[2024-11-20T13:22:23.201+0000] {processor.py:829} INFO - Processing file /opt/airflow/dags/DAG.py for tasks to queue
[2024-11-20T13:22:23.202+0000] {logging_mixin.py:151} INFO - [2024-11-20T13:22:23.202+0000] {dagbag.py:539} INFO - Filling up the DagBag from /opt/airflow/dags/DAG.py
[2024-11-20T13:22:23.225+0000] {processor.py:839} INFO - DAG(s) dict_keys(['daily_clothing_crawler']) retrieved from /opt/airflow/dags/DAG.py
[2024-11-20T13:22:23.258+0000] {logging_mixin.py:151} INFO - [2024-11-20T13:22:23.258+0000] {dag.py:2915} INFO - Sync 1 DAGs
[2024-11-20T13:22:23.273+0000] {logging_mixin.py:151} INFO - [2024-11-20T13:22:23.273+0000] {dag.py:3696} INFO - Setting next_dagrun for daily_clothing_crawler to 2024-11-19T00:00:00+00:00, run_after=2024-11-20T00:00:00+00:00
[2024-11-20T13:22:23.282+0000] {processor.py:179} INFO - Processing /opt/airflow/dags/DAG.py took 0.091 seconds
[2024-11-20T13:22:53.497+0000] {processor.py:157} INFO - Started process (PID=332) to work on /opt/airflow/dags/DAG.py
[2024-11-20T13:22:53.498+0000] {processor.py:829} INFO - Processing file /opt/airflow/dags/DAG.py for tasks to queue
[2024-11-20T13:22:53.499+0000] {logging_mixin.py:151} INFO - [2024-11-20T13:22:53.499+0000] {dagbag.py:539} INFO - Filling up the DagBag from /opt/airflow/dags/DAG.py
[2024-11-20T13:22:53.514+0000] {processor.py:839} INFO - DAG(s) dict_keys(['daily_clothing_crawler']) retrieved from /opt/airflow/dags/DAG.py
[2024-11-20T13:22:53.537+0000] {logging_mixin.py:151} INFO - [2024-11-20T13:22:53.537+0000] {dag.py:2915} INFO - Sync 1 DAGs
[2024-11-20T13:22:53.551+0000] {logging_mixin.py:151} INFO - [2024-11-20T13:22:53.550+0000] {dag.py:3696} INFO - Setting next_dagrun for daily_clothing_crawler to 2024-11-19T00:00:00+00:00, run_after=2024-11-20T00:00:00+00:00
[2024-11-20T13:22:53.558+0000] {processor.py:179} INFO - Processing /opt/airflow/dags/DAG.py took 0.066 seconds
[2024-11-20T13:23:23.854+0000] {processor.py:157} INFO - Started process (PID=337) to work on /opt/airflow/dags/DAG.py
[2024-11-20T13:23:23.855+0000] {processor.py:829} INFO - Processing file /opt/airflow/dags/DAG.py for tasks to queue
[2024-11-20T13:23:23.857+0000] {logging_mixin.py:151} INFO - [2024-11-20T13:23:23.856+0000] {dagbag.py:539} INFO - Filling up the DagBag from /opt/airflow/dags/DAG.py
[2024-11-20T13:23:23.887+0000] {processor.py:839} INFO - DAG(s) dict_keys(['daily_clothing_crawler']) retrieved from /opt/airflow/dags/DAG.py
[2024-11-20T13:23:23.921+0000] {logging_mixin.py:151} INFO - [2024-11-20T13:23:23.921+0000] {dag.py:2915} INFO - Sync 1 DAGs
[2024-11-20T13:23:23.941+0000] {logging_mixin.py:151} INFO - [2024-11-20T13:23:23.940+0000] {dag.py:3696} INFO - Setting next_dagrun for daily_clothing_crawler to 2024-11-19T00:00:00+00:00, run_after=2024-11-20T00:00:00+00:00
[2024-11-20T13:23:23.951+0000] {processor.py:179} INFO - Processing /opt/airflow/dags/DAG.py took 0.105 seconds
[2024-11-20T13:23:54.117+0000] {processor.py:157} INFO - Started process (PID=342) to work on /opt/airflow/dags/DAG.py
[2024-11-20T13:23:54.118+0000] {processor.py:829} INFO - Processing file /opt/airflow/dags/DAG.py for tasks to queue
[2024-11-20T13:23:54.119+0000] {logging_mixin.py:151} INFO - [2024-11-20T13:23:54.119+0000] {dagbag.py:539} INFO - Filling up the DagBag from /opt/airflow/dags/DAG.py
[2024-11-20T13:23:54.134+0000] {processor.py:839} INFO - DAG(s) dict_keys(['daily_clothing_crawler']) retrieved from /opt/airflow/dags/DAG.py
[2024-11-20T13:23:54.156+0000] {logging_mixin.py:151} INFO - [2024-11-20T13:23:54.156+0000] {dag.py:2915} INFO - Sync 1 DAGs
[2024-11-20T13:23:54.169+0000] {logging_mixin.py:151} INFO - [2024-11-20T13:23:54.169+0000] {dag.py:3696} INFO - Setting next_dagrun for daily_clothing_crawler to 2024-11-19T00:00:00+00:00, run_after=2024-11-20T00:00:00+00:00
[2024-11-20T13:23:54.178+0000] {processor.py:179} INFO - Processing /opt/airflow/dags/DAG.py took 0.065 seconds
[2024-11-20T13:24:24.436+0000] {processor.py:157} INFO - Started process (PID=347) to work on /opt/airflow/dags/DAG.py
[2024-11-20T13:24:24.437+0000] {processor.py:829} INFO - Processing file /opt/airflow/dags/DAG.py for tasks to queue
[2024-11-20T13:24:24.439+0000] {logging_mixin.py:151} INFO - [2024-11-20T13:24:24.438+0000] {dagbag.py:539} INFO - Filling up the DagBag from /opt/airflow/dags/DAG.py
[2024-11-20T13:24:24.459+0000] {processor.py:839} INFO - DAG(s) dict_keys(['daily_clothing_crawler']) retrieved from /opt/airflow/dags/DAG.py
[2024-11-20T13:24:24.502+0000] {logging_mixin.py:151} INFO - [2024-11-20T13:24:24.502+0000] {dag.py:2915} INFO - Sync 1 DAGs
[2024-11-20T13:24:24.519+0000] {logging_mixin.py:151} INFO - [2024-11-20T13:24:24.519+0000] {dag.py:3696} INFO - Setting next_dagrun for daily_clothing_crawler to 2024-11-19T00:00:00+00:00, run_after=2024-11-20T00:00:00+00:00
[2024-11-20T13:24:24.528+0000] {processor.py:179} INFO - Processing /opt/airflow/dags/DAG.py took 0.098 seconds
[2024-11-20T13:24:54.764+0000] {processor.py:157} INFO - Started process (PID=352) to work on /opt/airflow/dags/DAG.py
[2024-11-20T13:24:54.765+0000] {processor.py:829} INFO - Processing file /opt/airflow/dags/DAG.py for tasks to queue
[2024-11-20T13:24:54.766+0000] {logging_mixin.py:151} INFO - [2024-11-20T13:24:54.766+0000] {dagbag.py:539} INFO - Filling up the DagBag from /opt/airflow/dags/DAG.py
[2024-11-20T13:24:54.787+0000] {processor.py:839} INFO - DAG(s) dict_keys(['daily_clothing_crawler']) retrieved from /opt/airflow/dags/DAG.py
[2024-11-20T13:24:54.814+0000] {logging_mixin.py:151} INFO - [2024-11-20T13:24:54.814+0000] {dag.py:2915} INFO - Sync 1 DAGs
[2024-11-20T13:24:54.828+0000] {logging_mixin.py:151} INFO - [2024-11-20T13:24:54.828+0000] {dag.py:3696} INFO - Setting next_dagrun for daily_clothing_crawler to 2024-11-19T00:00:00+00:00, run_after=2024-11-20T00:00:00+00:00
[2024-11-20T13:24:54.837+0000] {processor.py:179} INFO - Processing /opt/airflow/dags/DAG.py took 0.080 seconds
[2024-11-20T13:25:25.154+0000] {processor.py:157} INFO - Started process (PID=357) to work on /opt/airflow/dags/DAG.py
[2024-11-20T13:25:25.156+0000] {processor.py:829} INFO - Processing file /opt/airflow/dags/DAG.py for tasks to queue
[2024-11-20T13:25:25.157+0000] {logging_mixin.py:151} INFO - [2024-11-20T13:25:25.156+0000] {dagbag.py:539} INFO - Filling up the DagBag from /opt/airflow/dags/DAG.py
[2024-11-20T13:25:25.176+0000] {processor.py:839} INFO - DAG(s) dict_keys(['daily_clothing_crawler']) retrieved from /opt/airflow/dags/DAG.py
[2024-11-20T13:25:25.206+0000] {logging_mixin.py:151} INFO - [2024-11-20T13:25:25.206+0000] {dag.py:2915} INFO - Sync 1 DAGs
[2024-11-20T13:25:25.220+0000] {logging_mixin.py:151} INFO - [2024-11-20T13:25:25.220+0000] {dag.py:3696} INFO - Setting next_dagrun for daily_clothing_crawler to 2024-11-19T00:00:00+00:00, run_after=2024-11-20T00:00:00+00:00
[2024-11-20T13:25:25.229+0000] {processor.py:179} INFO - Processing /opt/airflow/dags/DAG.py took 0.083 seconds
[2024-11-20T13:25:55.504+0000] {processor.py:157} INFO - Started process (PID=362) to work on /opt/airflow/dags/DAG.py
[2024-11-20T13:25:55.505+0000] {processor.py:829} INFO - Processing file /opt/airflow/dags/DAG.py for tasks to queue
[2024-11-20T13:25:55.507+0000] {logging_mixin.py:151} INFO - [2024-11-20T13:25:55.506+0000] {dagbag.py:539} INFO - Filling up the DagBag from /opt/airflow/dags/DAG.py
[2024-11-20T13:25:55.556+0000] {processor.py:839} INFO - DAG(s) dict_keys(['daily_clothing_crawler']) retrieved from /opt/airflow/dags/DAG.py
[2024-11-20T13:25:55.584+0000] {logging_mixin.py:151} INFO - [2024-11-20T13:25:55.584+0000] {dag.py:2915} INFO - Sync 1 DAGs
[2024-11-20T13:25:55.599+0000] {logging_mixin.py:151} INFO - [2024-11-20T13:25:55.599+0000] {dag.py:3696} INFO - Setting next_dagrun for daily_clothing_crawler to 2024-11-19T00:00:00+00:00, run_after=2024-11-20T00:00:00+00:00
[2024-11-20T13:25:55.609+0000] {processor.py:179} INFO - Processing /opt/airflow/dags/DAG.py took 0.113 seconds
[2024-11-20T13:26:25.901+0000] {processor.py:157} INFO - Started process (PID=367) to work on /opt/airflow/dags/DAG.py
[2024-11-20T13:26:25.902+0000] {processor.py:829} INFO - Processing file /opt/airflow/dags/DAG.py for tasks to queue
[2024-11-20T13:26:25.903+0000] {logging_mixin.py:151} INFO - [2024-11-20T13:26:25.902+0000] {dagbag.py:539} INFO - Filling up the DagBag from /opt/airflow/dags/DAG.py
[2024-11-20T13:26:25.936+0000] {processor.py:839} INFO - DAG(s) dict_keys(['daily_clothing_crawler']) retrieved from /opt/airflow/dags/DAG.py
[2024-11-20T13:26:25.962+0000] {logging_mixin.py:151} INFO - [2024-11-20T13:26:25.962+0000] {dag.py:2915} INFO - Sync 1 DAGs
[2024-11-20T13:26:25.977+0000] {logging_mixin.py:151} INFO - [2024-11-20T13:26:25.976+0000] {dag.py:3696} INFO - Setting next_dagrun for daily_clothing_crawler to 2024-11-19T00:00:00+00:00, run_after=2024-11-20T00:00:00+00:00
[2024-11-20T13:26:25.985+0000] {processor.py:179} INFO - Processing /opt/airflow/dags/DAG.py took 0.093 seconds
