[2024-11-17T15:00:41.270+0000] {processor.py:157} INFO - Started process (PID=167) to work on /opt/airflow/dags/DAG.py
[2024-11-17T15:00:41.278+0000] {processor.py:829} INFO - Processing file /opt/airflow/dags/DAG.py for tasks to queue
[2024-11-17T15:00:41.283+0000] {logging_mixin.py:151} INFO - [2024-11-17T15:00:41.283+0000] {dagbag.py:539} INFO - Filling up the DagBag from /opt/airflow/dags/DAG.py
[2024-11-17T15:00:41.308+0000] {processor.py:839} INFO - DAG(s) dict_keys(['daily_clothing_crawler']) retrieved from /opt/airflow/dags/DAG.py
[2024-11-17T15:00:41.431+0000] {logging_mixin.py:151} INFO - [2024-11-17T15:00:41.431+0000] {manager.py:499} INFO - Created Permission View: %s
[2024-11-17T15:00:41.533+0000] {logging_mixin.py:151} INFO - [2024-11-17T15:00:41.533+0000] {manager.py:499} INFO - Created Permission View: %s
[2024-11-17T15:00:41.536+0000] {logging_mixin.py:151} INFO - [2024-11-17T15:00:41.536+0000] {manager.py:499} INFO - Created Permission View: %s
[2024-11-17T15:00:41.537+0000] {logging_mixin.py:151} INFO - [2024-11-17T15:00:41.536+0000] {security.py:708} INFO - Not syncing DAG-level permissions for DAG 'DAG:daily_clothing_crawler' as access control is unset.
[2024-11-17T15:00:41.537+0000] {logging_mixin.py:151} INFO - [2024-11-17T15:00:41.537+0000] {dag.py:2915} INFO - Sync 1 DAGs
[2024-11-17T15:00:41.543+0000] {logging_mixin.py:151} INFO - [2024-11-17T15:00:41.543+0000] {dag.py:2937} INFO - Creating ORM DAG for daily_clothing_crawler
[2024-11-17T15:00:41.548+0000] {logging_mixin.py:151} INFO - [2024-11-17T15:00:41.548+0000] {dag.py:3696} INFO - Setting next_dagrun for daily_clothing_crawler to 2024-11-16T00:00:00+00:00, run_after=2024-11-17T00:00:00+00:00
[2024-11-17T15:00:41.555+0000] {processor.py:179} INFO - Processing /opt/airflow/dags/DAG.py took 0.287 seconds
[2024-11-17T15:01:11.833+0000] {processor.py:157} INFO - Started process (PID=172) to work on /opt/airflow/dags/DAG.py
[2024-11-17T15:01:11.835+0000] {processor.py:829} INFO - Processing file /opt/airflow/dags/DAG.py for tasks to queue
[2024-11-17T15:01:11.836+0000] {logging_mixin.py:151} INFO - [2024-11-17T15:01:11.836+0000] {dagbag.py:539} INFO - Filling up the DagBag from /opt/airflow/dags/DAG.py
[2024-11-17T15:01:11.856+0000] {processor.py:839} INFO - DAG(s) dict_keys(['daily_clothing_crawler']) retrieved from /opt/airflow/dags/DAG.py
[2024-11-17T15:01:11.884+0000] {logging_mixin.py:151} INFO - [2024-11-17T15:01:11.884+0000] {dag.py:2915} INFO - Sync 1 DAGs
[2024-11-17T15:01:11.904+0000] {logging_mixin.py:151} INFO - [2024-11-17T15:01:11.904+0000] {dag.py:3696} INFO - Setting next_dagrun for daily_clothing_crawler to 2024-11-16T00:00:00+00:00, run_after=2024-11-17T00:00:00+00:00
[2024-11-17T15:01:11.913+0000] {processor.py:179} INFO - Processing /opt/airflow/dags/DAG.py took 0.087 seconds
[2024-11-17T15:01:42.131+0000] {processor.py:157} INFO - Started process (PID=177) to work on /opt/airflow/dags/DAG.py
[2024-11-17T15:01:42.132+0000] {processor.py:829} INFO - Processing file /opt/airflow/dags/DAG.py for tasks to queue
[2024-11-17T15:01:42.133+0000] {logging_mixin.py:151} INFO - [2024-11-17T15:01:42.132+0000] {dagbag.py:539} INFO - Filling up the DagBag from /opt/airflow/dags/DAG.py
[2024-11-17T15:01:42.144+0000] {processor.py:839} INFO - DAG(s) dict_keys(['daily_clothing_crawler']) retrieved from /opt/airflow/dags/DAG.py
[2024-11-17T15:01:42.165+0000] {logging_mixin.py:151} INFO - [2024-11-17T15:01:42.165+0000] {dag.py:2915} INFO - Sync 1 DAGs
[2024-11-17T15:01:42.178+0000] {logging_mixin.py:151} INFO - [2024-11-17T15:01:42.178+0000] {dag.py:3696} INFO - Setting next_dagrun for daily_clothing_crawler to 2024-11-16T00:00:00+00:00, run_after=2024-11-17T00:00:00+00:00
[2024-11-17T15:01:42.187+0000] {processor.py:179} INFO - Processing /opt/airflow/dags/DAG.py took 0.058 seconds
[2024-11-17T15:02:12.490+0000] {processor.py:157} INFO - Started process (PID=182) to work on /opt/airflow/dags/DAG.py
[2024-11-17T15:02:12.490+0000] {processor.py:829} INFO - Processing file /opt/airflow/dags/DAG.py for tasks to queue
[2024-11-17T15:02:12.491+0000] {logging_mixin.py:151} INFO - [2024-11-17T15:02:12.491+0000] {dagbag.py:539} INFO - Filling up the DagBag from /opt/airflow/dags/DAG.py
[2024-11-17T15:02:12.503+0000] {processor.py:839} INFO - DAG(s) dict_keys(['daily_clothing_crawler']) retrieved from /opt/airflow/dags/DAG.py
[2024-11-17T15:02:12.524+0000] {logging_mixin.py:151} INFO - [2024-11-17T15:02:12.523+0000] {dag.py:2915} INFO - Sync 1 DAGs
[2024-11-17T15:02:12.537+0000] {logging_mixin.py:151} INFO - [2024-11-17T15:02:12.537+0000] {dag.py:3696} INFO - Setting next_dagrun for daily_clothing_crawler to 2024-11-16T00:00:00+00:00, run_after=2024-11-17T00:00:00+00:00
[2024-11-17T15:02:12.636+0000] {processor.py:179} INFO - Processing /opt/airflow/dags/DAG.py took 0.150 seconds
[2024-11-17T15:02:42.804+0000] {processor.py:157} INFO - Started process (PID=187) to work on /opt/airflow/dags/DAG.py
[2024-11-17T15:02:42.806+0000] {processor.py:829} INFO - Processing file /opt/airflow/dags/DAG.py for tasks to queue
[2024-11-17T15:02:42.807+0000] {logging_mixin.py:151} INFO - [2024-11-17T15:02:42.806+0000] {dagbag.py:539} INFO - Filling up the DagBag from /opt/airflow/dags/DAG.py
[2024-11-17T15:02:42.826+0000] {processor.py:839} INFO - DAG(s) dict_keys(['daily_clothing_crawler']) retrieved from /opt/airflow/dags/DAG.py
[2024-11-17T15:02:42.854+0000] {logging_mixin.py:151} INFO - [2024-11-17T15:02:42.854+0000] {dag.py:2915} INFO - Sync 1 DAGs
[2024-11-17T15:02:42.932+0000] {logging_mixin.py:151} INFO - [2024-11-17T15:02:42.932+0000] {dag.py:3696} INFO - Setting next_dagrun for daily_clothing_crawler to 2024-11-16T00:00:00+00:00, run_after=2024-11-17T00:00:00+00:00
[2024-11-17T15:02:42.939+0000] {processor.py:179} INFO - Processing /opt/airflow/dags/DAG.py took 0.140 seconds
[2024-11-17T15:03:13.219+0000] {processor.py:157} INFO - Started process (PID=192) to work on /opt/airflow/dags/DAG.py
[2024-11-17T15:03:13.219+0000] {processor.py:829} INFO - Processing file /opt/airflow/dags/DAG.py for tasks to queue
[2024-11-17T15:03:13.220+0000] {logging_mixin.py:151} INFO - [2024-11-17T15:03:13.220+0000] {dagbag.py:539} INFO - Filling up the DagBag from /opt/airflow/dags/DAG.py
[2024-11-17T15:03:13.234+0000] {processor.py:839} INFO - DAG(s) dict_keys(['daily_clothing_crawler']) retrieved from /opt/airflow/dags/DAG.py
[2024-11-17T15:03:13.371+0000] {logging_mixin.py:151} INFO - [2024-11-17T15:03:13.370+0000] {dag.py:2915} INFO - Sync 1 DAGs
[2024-11-17T15:03:13.385+0000] {logging_mixin.py:151} INFO - [2024-11-17T15:03:13.385+0000] {dag.py:3696} INFO - Setting next_dagrun for daily_clothing_crawler to 2024-11-16T00:00:00+00:00, run_after=2024-11-17T00:00:00+00:00
[2024-11-17T15:03:13.393+0000] {processor.py:179} INFO - Processing /opt/airflow/dags/DAG.py took 0.178 seconds
[2024-11-17T15:03:43.610+0000] {processor.py:157} INFO - Started process (PID=197) to work on /opt/airflow/dags/DAG.py
[2024-11-17T15:03:43.611+0000] {processor.py:829} INFO - Processing file /opt/airflow/dags/DAG.py for tasks to queue
[2024-11-17T15:03:43.612+0000] {logging_mixin.py:151} INFO - [2024-11-17T15:03:43.611+0000] {dagbag.py:539} INFO - Filling up the DagBag from /opt/airflow/dags/DAG.py
[2024-11-17T15:03:43.652+0000] {processor.py:839} INFO - DAG(s) dict_keys(['daily_clothing_crawler']) retrieved from /opt/airflow/dags/DAG.py
[2024-11-17T15:03:43.804+0000] {logging_mixin.py:151} INFO - [2024-11-17T15:03:43.804+0000] {dag.py:2915} INFO - Sync 1 DAGs
[2024-11-17T15:03:43.815+0000] {logging_mixin.py:151} INFO - [2024-11-17T15:03:43.814+0000] {dag.py:3696} INFO - Setting next_dagrun for daily_clothing_crawler to 2024-11-16T00:00:00+00:00, run_after=2024-11-17T00:00:00+00:00
[2024-11-17T15:03:43.823+0000] {processor.py:179} INFO - Processing /opt/airflow/dags/DAG.py took 0.219 seconds
[2024-11-17T15:04:13.926+0000] {processor.py:157} INFO - Started process (PID=202) to work on /opt/airflow/dags/DAG.py
[2024-11-17T15:04:13.927+0000] {processor.py:829} INFO - Processing file /opt/airflow/dags/DAG.py for tasks to queue
[2024-11-17T15:04:13.928+0000] {logging_mixin.py:151} INFO - [2024-11-17T15:04:13.927+0000] {dagbag.py:539} INFO - Filling up the DagBag from /opt/airflow/dags/DAG.py
[2024-11-17T15:04:13.960+0000] {processor.py:839} INFO - DAG(s) dict_keys(['daily_clothing_crawler']) retrieved from /opt/airflow/dags/DAG.py
[2024-11-17T15:04:13.997+0000] {logging_mixin.py:151} INFO - [2024-11-17T15:04:13.997+0000] {dag.py:2915} INFO - Sync 1 DAGs
[2024-11-17T15:04:14.019+0000] {logging_mixin.py:151} INFO - [2024-11-17T15:04:14.019+0000] {dag.py:3696} INFO - Setting next_dagrun for daily_clothing_crawler to 2024-11-16T00:00:00+00:00, run_after=2024-11-17T00:00:00+00:00
[2024-11-17T15:04:14.082+0000] {processor.py:179} INFO - Processing /opt/airflow/dags/DAG.py took 0.161 seconds
[2024-11-17T15:04:44.235+0000] {processor.py:157} INFO - Started process (PID=207) to work on /opt/airflow/dags/DAG.py
[2024-11-17T15:04:44.237+0000] {processor.py:829} INFO - Processing file /opt/airflow/dags/DAG.py for tasks to queue
[2024-11-17T15:04:44.240+0000] {logging_mixin.py:151} INFO - [2024-11-17T15:04:44.239+0000] {dagbag.py:539} INFO - Filling up the DagBag from /opt/airflow/dags/DAG.py
[2024-11-17T15:04:44.255+0000] {processor.py:839} INFO - DAG(s) dict_keys(['daily_clothing_crawler']) retrieved from /opt/airflow/dags/DAG.py
[2024-11-17T15:04:44.279+0000] {logging_mixin.py:151} INFO - [2024-11-17T15:04:44.279+0000] {dag.py:2915} INFO - Sync 1 DAGs
[2024-11-17T15:04:44.296+0000] {logging_mixin.py:151} INFO - [2024-11-17T15:04:44.295+0000] {dag.py:3696} INFO - Setting next_dagrun for daily_clothing_crawler to 2024-11-16T00:00:00+00:00, run_after=2024-11-17T00:00:00+00:00
[2024-11-17T15:04:44.305+0000] {processor.py:179} INFO - Processing /opt/airflow/dags/DAG.py took 0.075 seconds
[2024-11-17T15:05:14.587+0000] {processor.py:157} INFO - Started process (PID=212) to work on /opt/airflow/dags/DAG.py
[2024-11-17T15:05:14.588+0000] {processor.py:829} INFO - Processing file /opt/airflow/dags/DAG.py for tasks to queue
[2024-11-17T15:05:14.589+0000] {logging_mixin.py:151} INFO - [2024-11-17T15:05:14.589+0000] {dagbag.py:539} INFO - Filling up the DagBag from /opt/airflow/dags/DAG.py
[2024-11-17T15:05:14.604+0000] {processor.py:839} INFO - DAG(s) dict_keys(['daily_clothing_crawler']) retrieved from /opt/airflow/dags/DAG.py
[2024-11-17T15:05:14.641+0000] {logging_mixin.py:151} INFO - [2024-11-17T15:05:14.641+0000] {dag.py:2915} INFO - Sync 1 DAGs
[2024-11-17T15:05:14.655+0000] {logging_mixin.py:151} INFO - [2024-11-17T15:05:14.654+0000] {dag.py:3696} INFO - Setting next_dagrun for daily_clothing_crawler to 2024-11-16T00:00:00+00:00, run_after=2024-11-17T00:00:00+00:00
[2024-11-17T15:05:14.663+0000] {processor.py:179} INFO - Processing /opt/airflow/dags/DAG.py took 0.080 seconds
[2024-11-17T16:12:49.253+0000] {processor.py:157} INFO - Started process (PID=167) to work on /opt/airflow/dags/DAG.py
[2024-11-17T16:12:49.254+0000] {processor.py:829} INFO - Processing file /opt/airflow/dags/DAG.py for tasks to queue
[2024-11-17T16:12:49.255+0000] {logging_mixin.py:151} INFO - [2024-11-17T16:12:49.255+0000] {dagbag.py:539} INFO - Filling up the DagBag from /opt/airflow/dags/DAG.py
[2024-11-17T16:12:49.268+0000] {processor.py:839} INFO - DAG(s) dict_keys(['daily_clothing_crawler']) retrieved from /opt/airflow/dags/DAG.py
[2024-11-17T16:12:49.290+0000] {logging_mixin.py:151} INFO - [2024-11-17T16:12:49.290+0000] {dag.py:2915} INFO - Sync 1 DAGs
[2024-11-17T16:12:49.303+0000] {logging_mixin.py:151} INFO - [2024-11-17T16:12:49.303+0000] {dag.py:3696} INFO - Setting next_dagrun for daily_clothing_crawler to 2024-11-16T00:00:00+00:00, run_after=2024-11-17T00:00:00+00:00
[2024-11-17T16:12:49.311+0000] {processor.py:179} INFO - Processing /opt/airflow/dags/DAG.py took 0.060 seconds
[2024-11-17T16:13:19.494+0000] {processor.py:157} INFO - Started process (PID=172) to work on /opt/airflow/dags/DAG.py
[2024-11-17T16:13:19.495+0000] {processor.py:829} INFO - Processing file /opt/airflow/dags/DAG.py for tasks to queue
[2024-11-17T16:13:19.496+0000] {logging_mixin.py:151} INFO - [2024-11-17T16:13:19.496+0000] {dagbag.py:539} INFO - Filling up the DagBag from /opt/airflow/dags/DAG.py
[2024-11-17T16:13:19.509+0000] {processor.py:839} INFO - DAG(s) dict_keys(['daily_clothing_crawler']) retrieved from /opt/airflow/dags/DAG.py
[2024-11-17T16:13:19.531+0000] {logging_mixin.py:151} INFO - [2024-11-17T16:13:19.531+0000] {dag.py:2915} INFO - Sync 1 DAGs
[2024-11-17T16:13:19.544+0000] {logging_mixin.py:151} INFO - [2024-11-17T16:13:19.544+0000] {dag.py:3696} INFO - Setting next_dagrun for daily_clothing_crawler to 2024-11-16T00:00:00+00:00, run_after=2024-11-17T00:00:00+00:00
[2024-11-17T16:13:19.553+0000] {processor.py:179} INFO - Processing /opt/airflow/dags/DAG.py took 0.062 seconds
[2024-11-17T16:13:49.800+0000] {processor.py:157} INFO - Started process (PID=177) to work on /opt/airflow/dags/DAG.py
[2024-11-17T16:13:49.802+0000] {processor.py:829} INFO - Processing file /opt/airflow/dags/DAG.py for tasks to queue
[2024-11-17T16:13:49.803+0000] {logging_mixin.py:151} INFO - [2024-11-17T16:13:49.802+0000] {dagbag.py:539} INFO - Filling up the DagBag from /opt/airflow/dags/DAG.py
[2024-11-17T16:13:49.821+0000] {processor.py:839} INFO - DAG(s) dict_keys(['daily_clothing_crawler']) retrieved from /opt/airflow/dags/DAG.py
[2024-11-17T16:13:49.841+0000] {logging_mixin.py:151} INFO - [2024-11-17T16:13:49.841+0000] {dag.py:2915} INFO - Sync 1 DAGs
[2024-11-17T16:13:49.854+0000] {logging_mixin.py:151} INFO - [2024-11-17T16:13:49.854+0000] {dag.py:3696} INFO - Setting next_dagrun for daily_clothing_crawler to 2024-11-16T00:00:00+00:00, run_after=2024-11-17T00:00:00+00:00
[2024-11-17T16:13:49.862+0000] {processor.py:179} INFO - Processing /opt/airflow/dags/DAG.py took 0.066 seconds
[2024-11-17T16:14:20.104+0000] {processor.py:157} INFO - Started process (PID=182) to work on /opt/airflow/dags/DAG.py
[2024-11-17T16:14:20.105+0000] {processor.py:829} INFO - Processing file /opt/airflow/dags/DAG.py for tasks to queue
[2024-11-17T16:14:20.106+0000] {logging_mixin.py:151} INFO - [2024-11-17T16:14:20.106+0000] {dagbag.py:539} INFO - Filling up the DagBag from /opt/airflow/dags/DAG.py
[2024-11-17T16:14:20.119+0000] {processor.py:839} INFO - DAG(s) dict_keys(['daily_clothing_crawler']) retrieved from /opt/airflow/dags/DAG.py
[2024-11-17T16:14:20.138+0000] {logging_mixin.py:151} INFO - [2024-11-17T16:14:20.138+0000] {dag.py:2915} INFO - Sync 1 DAGs
[2024-11-17T16:14:20.151+0000] {logging_mixin.py:151} INFO - [2024-11-17T16:14:20.151+0000] {dag.py:3696} INFO - Setting next_dagrun for daily_clothing_crawler to 2024-11-16T00:00:00+00:00, run_after=2024-11-17T00:00:00+00:00
[2024-11-17T16:14:20.160+0000] {processor.py:179} INFO - Processing /opt/airflow/dags/DAG.py took 0.059 seconds
[2024-11-17T16:14:50.370+0000] {processor.py:157} INFO - Started process (PID=187) to work on /opt/airflow/dags/DAG.py
[2024-11-17T16:14:50.371+0000] {processor.py:829} INFO - Processing file /opt/airflow/dags/DAG.py for tasks to queue
[2024-11-17T16:14:50.372+0000] {logging_mixin.py:151} INFO - [2024-11-17T16:14:50.372+0000] {dagbag.py:539} INFO - Filling up the DagBag from /opt/airflow/dags/DAG.py
[2024-11-17T16:14:50.401+0000] {processor.py:839} INFO - DAG(s) dict_keys(['daily_clothing_crawler']) retrieved from /opt/airflow/dags/DAG.py
[2024-11-17T16:14:50.426+0000] {logging_mixin.py:151} INFO - [2024-11-17T16:14:50.426+0000] {dag.py:2915} INFO - Sync 1 DAGs
[2024-11-17T16:14:50.446+0000] {logging_mixin.py:151} INFO - [2024-11-17T16:14:50.446+0000] {dag.py:3696} INFO - Setting next_dagrun for daily_clothing_crawler to 2024-11-16T00:00:00+00:00, run_after=2024-11-17T00:00:00+00:00
[2024-11-17T16:14:50.459+0000] {processor.py:179} INFO - Processing /opt/airflow/dags/DAG.py took 0.092 seconds
[2024-11-17T16:15:20.633+0000] {processor.py:157} INFO - Started process (PID=192) to work on /opt/airflow/dags/DAG.py
[2024-11-17T16:15:20.634+0000] {processor.py:829} INFO - Processing file /opt/airflow/dags/DAG.py for tasks to queue
[2024-11-17T16:15:20.635+0000] {logging_mixin.py:151} INFO - [2024-11-17T16:15:20.635+0000] {dagbag.py:539} INFO - Filling up the DagBag from /opt/airflow/dags/DAG.py
[2024-11-17T16:15:20.650+0000] {processor.py:839} INFO - DAG(s) dict_keys(['daily_clothing_crawler']) retrieved from /opt/airflow/dags/DAG.py
[2024-11-17T16:15:20.672+0000] {logging_mixin.py:151} INFO - [2024-11-17T16:15:20.672+0000] {dag.py:2915} INFO - Sync 1 DAGs
[2024-11-17T16:15:20.685+0000] {logging_mixin.py:151} INFO - [2024-11-17T16:15:20.685+0000] {dag.py:3696} INFO - Setting next_dagrun for daily_clothing_crawler to 2024-11-16T00:00:00+00:00, run_after=2024-11-17T00:00:00+00:00
[2024-11-17T16:15:20.694+0000] {processor.py:179} INFO - Processing /opt/airflow/dags/DAG.py took 0.065 seconds
[2024-11-17T16:15:50.960+0000] {processor.py:157} INFO - Started process (PID=197) to work on /opt/airflow/dags/DAG.py
[2024-11-17T16:15:50.962+0000] {processor.py:829} INFO - Processing file /opt/airflow/dags/DAG.py for tasks to queue
[2024-11-17T16:15:50.963+0000] {logging_mixin.py:151} INFO - [2024-11-17T16:15:50.962+0000] {dagbag.py:539} INFO - Filling up the DagBag from /opt/airflow/dags/DAG.py
[2024-11-17T16:15:50.981+0000] {processor.py:839} INFO - DAG(s) dict_keys(['daily_clothing_crawler']) retrieved from /opt/airflow/dags/DAG.py
[2024-11-17T16:15:51.004+0000] {logging_mixin.py:151} INFO - [2024-11-17T16:15:51.004+0000] {dag.py:2915} INFO - Sync 1 DAGs
[2024-11-17T16:15:51.018+0000] {logging_mixin.py:151} INFO - [2024-11-17T16:15:51.018+0000] {dag.py:3696} INFO - Setting next_dagrun for daily_clothing_crawler to 2024-11-16T00:00:00+00:00, run_after=2024-11-17T00:00:00+00:00
[2024-11-17T16:15:51.026+0000] {processor.py:179} INFO - Processing /opt/airflow/dags/DAG.py took 0.071 seconds
[2024-11-17T16:16:21.266+0000] {processor.py:157} INFO - Started process (PID=202) to work on /opt/airflow/dags/DAG.py
[2024-11-17T16:16:21.268+0000] {processor.py:829} INFO - Processing file /opt/airflow/dags/DAG.py for tasks to queue
[2024-11-17T16:16:21.269+0000] {logging_mixin.py:151} INFO - [2024-11-17T16:16:21.268+0000] {dagbag.py:539} INFO - Filling up the DagBag from /opt/airflow/dags/DAG.py
[2024-11-17T16:16:21.287+0000] {processor.py:839} INFO - DAG(s) dict_keys(['daily_clothing_crawler']) retrieved from /opt/airflow/dags/DAG.py
[2024-11-17T16:16:21.308+0000] {logging_mixin.py:151} INFO - [2024-11-17T16:16:21.308+0000] {dag.py:2915} INFO - Sync 1 DAGs
[2024-11-17T16:16:21.321+0000] {logging_mixin.py:151} INFO - [2024-11-17T16:16:21.321+0000] {dag.py:3696} INFO - Setting next_dagrun for daily_clothing_crawler to 2024-11-16T00:00:00+00:00, run_after=2024-11-17T00:00:00+00:00
[2024-11-17T16:16:21.330+0000] {processor.py:179} INFO - Processing /opt/airflow/dags/DAG.py took 0.069 seconds
[2024-11-17T16:16:51.566+0000] {processor.py:157} INFO - Started process (PID=207) to work on /opt/airflow/dags/DAG.py
[2024-11-17T16:16:51.567+0000] {processor.py:829} INFO - Processing file /opt/airflow/dags/DAG.py for tasks to queue
[2024-11-17T16:16:51.568+0000] {logging_mixin.py:151} INFO - [2024-11-17T16:16:51.568+0000] {dagbag.py:539} INFO - Filling up the DagBag from /opt/airflow/dags/DAG.py
[2024-11-17T16:16:51.585+0000] {processor.py:839} INFO - DAG(s) dict_keys(['daily_clothing_crawler']) retrieved from /opt/airflow/dags/DAG.py
[2024-11-17T16:16:51.607+0000] {logging_mixin.py:151} INFO - [2024-11-17T16:16:51.607+0000] {dag.py:2915} INFO - Sync 1 DAGs
[2024-11-17T16:16:51.626+0000] {logging_mixin.py:151} INFO - [2024-11-17T16:16:51.625+0000] {dag.py:3696} INFO - Setting next_dagrun for daily_clothing_crawler to 2024-11-16T00:00:00+00:00, run_after=2024-11-17T00:00:00+00:00
[2024-11-17T16:16:51.749+0000] {processor.py:179} INFO - Processing /opt/airflow/dags/DAG.py took 0.189 seconds
[2024-11-17T16:17:21.903+0000] {processor.py:157} INFO - Started process (PID=212) to work on /opt/airflow/dags/DAG.py
[2024-11-17T16:17:21.904+0000] {processor.py:829} INFO - Processing file /opt/airflow/dags/DAG.py for tasks to queue
[2024-11-17T16:17:21.906+0000] {logging_mixin.py:151} INFO - [2024-11-17T16:17:21.905+0000] {dagbag.py:539} INFO - Filling up the DagBag from /opt/airflow/dags/DAG.py
[2024-11-17T16:17:21.926+0000] {processor.py:839} INFO - DAG(s) dict_keys(['daily_clothing_crawler']) retrieved from /opt/airflow/dags/DAG.py
[2024-11-17T16:17:21.949+0000] {logging_mixin.py:151} INFO - [2024-11-17T16:17:21.948+0000] {dag.py:2915} INFO - Sync 1 DAGs
[2024-11-17T16:17:22.075+0000] {logging_mixin.py:151} INFO - [2024-11-17T16:17:22.075+0000] {dag.py:3696} INFO - Setting next_dagrun for daily_clothing_crawler to 2024-11-16T00:00:00+00:00, run_after=2024-11-17T00:00:00+00:00
[2024-11-17T16:17:22.083+0000] {processor.py:179} INFO - Processing /opt/airflow/dags/DAG.py took 0.185 seconds
[2024-11-17T16:17:52.239+0000] {processor.py:157} INFO - Started process (PID=217) to work on /opt/airflow/dags/DAG.py
[2024-11-17T16:17:52.241+0000] {processor.py:829} INFO - Processing file /opt/airflow/dags/DAG.py for tasks to queue
[2024-11-17T16:17:52.242+0000] {logging_mixin.py:151} INFO - [2024-11-17T16:17:52.242+0000] {dagbag.py:539} INFO - Filling up the DagBag from /opt/airflow/dags/DAG.py
[2024-11-17T16:17:52.263+0000] {processor.py:839} INFO - DAG(s) dict_keys(['daily_clothing_crawler']) retrieved from /opt/airflow/dags/DAG.py
[2024-11-17T16:17:52.287+0000] {logging_mixin.py:151} INFO - [2024-11-17T16:17:52.286+0000] {dag.py:2915} INFO - Sync 1 DAGs
[2024-11-17T16:17:52.414+0000] {logging_mixin.py:151} INFO - [2024-11-17T16:17:52.414+0000] {dag.py:3696} INFO - Setting next_dagrun for daily_clothing_crawler to 2024-11-16T00:00:00+00:00, run_after=2024-11-17T00:00:00+00:00
[2024-11-17T16:17:52.421+0000] {processor.py:179} INFO - Processing /opt/airflow/dags/DAG.py took 0.188 seconds
[2024-11-17T16:18:22.644+0000] {processor.py:157} INFO - Started process (PID=222) to work on /opt/airflow/dags/DAG.py
[2024-11-17T16:18:22.646+0000] {processor.py:829} INFO - Processing file /opt/airflow/dags/DAG.py for tasks to queue
[2024-11-17T16:18:22.647+0000] {logging_mixin.py:151} INFO - [2024-11-17T16:18:22.647+0000] {dagbag.py:539} INFO - Filling up the DagBag from /opt/airflow/dags/DAG.py
[2024-11-17T16:18:22.667+0000] {processor.py:839} INFO - DAG(s) dict_keys(['daily_clothing_crawler']) retrieved from /opt/airflow/dags/DAG.py
[2024-11-17T16:18:22.830+0000] {logging_mixin.py:151} INFO - [2024-11-17T16:18:22.830+0000] {dag.py:2915} INFO - Sync 1 DAGs
[2024-11-17T16:18:22.840+0000] {logging_mixin.py:151} INFO - [2024-11-17T16:18:22.840+0000] {dag.py:3696} INFO - Setting next_dagrun for daily_clothing_crawler to 2024-11-16T00:00:00+00:00, run_after=2024-11-17T00:00:00+00:00
[2024-11-17T16:18:22.847+0000] {processor.py:179} INFO - Processing /opt/airflow/dags/DAG.py took 0.208 seconds
[2024-11-17T16:18:52.990+0000] {processor.py:157} INFO - Started process (PID=227) to work on /opt/airflow/dags/DAG.py
[2024-11-17T16:18:52.992+0000] {processor.py:829} INFO - Processing file /opt/airflow/dags/DAG.py for tasks to queue
[2024-11-17T16:18:52.993+0000] {logging_mixin.py:151} INFO - [2024-11-17T16:18:52.992+0000] {dagbag.py:539} INFO - Filling up the DagBag from /opt/airflow/dags/DAG.py
[2024-11-17T16:18:53.013+0000] {processor.py:839} INFO - DAG(s) dict_keys(['daily_clothing_crawler']) retrieved from /opt/airflow/dags/DAG.py
[2024-11-17T16:18:53.052+0000] {logging_mixin.py:151} INFO - [2024-11-17T16:18:53.052+0000] {dag.py:2915} INFO - Sync 1 DAGs
[2024-11-17T16:18:53.066+0000] {logging_mixin.py:151} INFO - [2024-11-17T16:18:53.066+0000] {dag.py:3696} INFO - Setting next_dagrun for daily_clothing_crawler to 2024-11-16T00:00:00+00:00, run_after=2024-11-17T00:00:00+00:00
[2024-11-17T16:18:53.074+0000] {processor.py:179} INFO - Processing /opt/airflow/dags/DAG.py took 0.091 seconds
[2024-11-17T16:19:23.269+0000] {processor.py:157} INFO - Started process (PID=232) to work on /opt/airflow/dags/DAG.py
[2024-11-17T16:19:23.270+0000] {processor.py:829} INFO - Processing file /opt/airflow/dags/DAG.py for tasks to queue
[2024-11-17T16:19:23.271+0000] {logging_mixin.py:151} INFO - [2024-11-17T16:19:23.271+0000] {dagbag.py:539} INFO - Filling up the DagBag from /opt/airflow/dags/DAG.py
[2024-11-17T16:19:23.285+0000] {processor.py:839} INFO - DAG(s) dict_keys(['daily_clothing_crawler']) retrieved from /opt/airflow/dags/DAG.py
[2024-11-17T16:19:23.307+0000] {logging_mixin.py:151} INFO - [2024-11-17T16:19:23.307+0000] {dag.py:2915} INFO - Sync 1 DAGs
[2024-11-17T16:19:23.321+0000] {logging_mixin.py:151} INFO - [2024-11-17T16:19:23.321+0000] {dag.py:3696} INFO - Setting next_dagrun for daily_clothing_crawler to 2024-11-16T00:00:00+00:00, run_after=2024-11-17T00:00:00+00:00
[2024-11-17T16:19:23.330+0000] {processor.py:179} INFO - Processing /opt/airflow/dags/DAG.py took 0.066 seconds
[2024-11-17T16:19:53.670+0000] {processor.py:157} INFO - Started process (PID=237) to work on /opt/airflow/dags/DAG.py
[2024-11-17T16:19:53.675+0000] {processor.py:829} INFO - Processing file /opt/airflow/dags/DAG.py for tasks to queue
[2024-11-17T16:19:53.677+0000] {logging_mixin.py:151} INFO - [2024-11-17T16:19:53.676+0000] {dagbag.py:539} INFO - Filling up the DagBag from /opt/airflow/dags/DAG.py
[2024-11-17T16:19:53.706+0000] {processor.py:839} INFO - DAG(s) dict_keys(['daily_clothing_crawler']) retrieved from /opt/airflow/dags/DAG.py
[2024-11-17T16:19:53.733+0000] {logging_mixin.py:151} INFO - [2024-11-17T16:19:53.732+0000] {dag.py:2915} INFO - Sync 1 DAGs
[2024-11-17T16:19:53.746+0000] {logging_mixin.py:151} INFO - [2024-11-17T16:19:53.746+0000] {dag.py:3696} INFO - Setting next_dagrun for daily_clothing_crawler to 2024-11-16T00:00:00+00:00, run_after=2024-11-17T00:00:00+00:00
[2024-11-17T16:19:53.755+0000] {processor.py:179} INFO - Processing /opt/airflow/dags/DAG.py took 0.101 seconds
[2024-11-17T16:20:24.001+0000] {processor.py:157} INFO - Started process (PID=242) to work on /opt/airflow/dags/DAG.py
[2024-11-17T16:20:24.003+0000] {processor.py:829} INFO - Processing file /opt/airflow/dags/DAG.py for tasks to queue
[2024-11-17T16:20:24.005+0000] {logging_mixin.py:151} INFO - [2024-11-17T16:20:24.004+0000] {dagbag.py:539} INFO - Filling up the DagBag from /opt/airflow/dags/DAG.py
[2024-11-17T16:20:24.028+0000] {processor.py:839} INFO - DAG(s) dict_keys(['daily_clothing_crawler']) retrieved from /opt/airflow/dags/DAG.py
[2024-11-17T16:20:24.055+0000] {logging_mixin.py:151} INFO - [2024-11-17T16:20:24.055+0000] {dag.py:2915} INFO - Sync 1 DAGs
[2024-11-17T16:20:24.069+0000] {logging_mixin.py:151} INFO - [2024-11-17T16:20:24.069+0000] {dag.py:3696} INFO - Setting next_dagrun for daily_clothing_crawler to 2024-11-16T00:00:00+00:00, run_after=2024-11-17T00:00:00+00:00
[2024-11-17T16:20:24.078+0000] {processor.py:179} INFO - Processing /opt/airflow/dags/DAG.py took 0.085 seconds
[2024-11-17T16:20:54.339+0000] {processor.py:157} INFO - Started process (PID=247) to work on /opt/airflow/dags/DAG.py
[2024-11-17T16:20:54.340+0000] {processor.py:829} INFO - Processing file /opt/airflow/dags/DAG.py for tasks to queue
[2024-11-17T16:20:54.342+0000] {logging_mixin.py:151} INFO - [2024-11-17T16:20:54.341+0000] {dagbag.py:539} INFO - Filling up the DagBag from /opt/airflow/dags/DAG.py
[2024-11-17T16:20:54.354+0000] {processor.py:839} INFO - DAG(s) dict_keys(['daily_clothing_crawler']) retrieved from /opt/airflow/dags/DAG.py
[2024-11-17T16:20:54.376+0000] {logging_mixin.py:151} INFO - [2024-11-17T16:20:54.375+0000] {dag.py:2915} INFO - Sync 1 DAGs
[2024-11-17T16:20:54.389+0000] {logging_mixin.py:151} INFO - [2024-11-17T16:20:54.389+0000] {dag.py:3696} INFO - Setting next_dagrun for daily_clothing_crawler to 2024-11-16T00:00:00+00:00, run_after=2024-11-17T00:00:00+00:00
[2024-11-17T16:20:54.397+0000] {processor.py:179} INFO - Processing /opt/airflow/dags/DAG.py took 0.064 seconds
[2024-11-17T16:21:24.658+0000] {processor.py:157} INFO - Started process (PID=252) to work on /opt/airflow/dags/DAG.py
[2024-11-17T16:21:24.659+0000] {processor.py:829} INFO - Processing file /opt/airflow/dags/DAG.py for tasks to queue
[2024-11-17T16:21:24.661+0000] {logging_mixin.py:151} INFO - [2024-11-17T16:21:24.660+0000] {dagbag.py:539} INFO - Filling up the DagBag from /opt/airflow/dags/DAG.py
[2024-11-17T16:21:24.701+0000] {processor.py:839} INFO - DAG(s) dict_keys(['daily_clothing_crawler']) retrieved from /opt/airflow/dags/DAG.py
[2024-11-17T16:21:24.730+0000] {logging_mixin.py:151} INFO - [2024-11-17T16:21:24.730+0000] {dag.py:2915} INFO - Sync 1 DAGs
[2024-11-17T16:21:24.761+0000] {logging_mixin.py:151} INFO - [2024-11-17T16:21:24.761+0000] {dag.py:3696} INFO - Setting next_dagrun for daily_clothing_crawler to 2024-11-16T00:00:00+00:00, run_after=2024-11-17T00:00:00+00:00
[2024-11-17T16:21:24.769+0000] {processor.py:179} INFO - Processing /opt/airflow/dags/DAG.py took 0.118 seconds
[2024-11-17T16:21:55.018+0000] {processor.py:157} INFO - Started process (PID=257) to work on /opt/airflow/dags/DAG.py
[2024-11-17T16:21:55.021+0000] {processor.py:829} INFO - Processing file /opt/airflow/dags/DAG.py for tasks to queue
[2024-11-17T16:21:55.022+0000] {logging_mixin.py:151} INFO - [2024-11-17T16:21:55.022+0000] {dagbag.py:539} INFO - Filling up the DagBag from /opt/airflow/dags/DAG.py
[2024-11-17T16:21:55.048+0000] {processor.py:839} INFO - DAG(s) dict_keys(['daily_clothing_crawler']) retrieved from /opt/airflow/dags/DAG.py
[2024-11-17T16:21:55.072+0000] {logging_mixin.py:151} INFO - [2024-11-17T16:21:55.072+0000] {dag.py:2915} INFO - Sync 1 DAGs
[2024-11-17T16:21:55.090+0000] {logging_mixin.py:151} INFO - [2024-11-17T16:21:55.089+0000] {dag.py:3696} INFO - Setting next_dagrun for daily_clothing_crawler to 2024-11-16T00:00:00+00:00, run_after=2024-11-17T00:00:00+00:00
[2024-11-17T16:21:55.104+0000] {processor.py:179} INFO - Processing /opt/airflow/dags/DAG.py took 0.106 seconds
[2024-11-17T16:22:25.333+0000] {processor.py:157} INFO - Started process (PID=262) to work on /opt/airflow/dags/DAG.py
[2024-11-17T16:22:25.335+0000] {processor.py:829} INFO - Processing file /opt/airflow/dags/DAG.py for tasks to queue
[2024-11-17T16:22:25.336+0000] {logging_mixin.py:151} INFO - [2024-11-17T16:22:25.336+0000] {dagbag.py:539} INFO - Filling up the DagBag from /opt/airflow/dags/DAG.py
[2024-11-17T16:22:25.375+0000] {processor.py:839} INFO - DAG(s) dict_keys(['daily_clothing_crawler']) retrieved from /opt/airflow/dags/DAG.py
[2024-11-17T16:22:25.397+0000] {logging_mixin.py:151} INFO - [2024-11-17T16:22:25.397+0000] {dag.py:2915} INFO - Sync 1 DAGs
[2024-11-17T16:22:25.409+0000] {logging_mixin.py:151} INFO - [2024-11-17T16:22:25.409+0000] {dag.py:3696} INFO - Setting next_dagrun for daily_clothing_crawler to 2024-11-16T00:00:00+00:00, run_after=2024-11-17T00:00:00+00:00
[2024-11-17T16:22:25.418+0000] {processor.py:179} INFO - Processing /opt/airflow/dags/DAG.py took 0.091 seconds
[2024-11-17T16:22:55.702+0000] {processor.py:157} INFO - Started process (PID=267) to work on /opt/airflow/dags/DAG.py
[2024-11-17T16:22:55.704+0000] {processor.py:829} INFO - Processing file /opt/airflow/dags/DAG.py for tasks to queue
[2024-11-17T16:22:55.705+0000] {logging_mixin.py:151} INFO - [2024-11-17T16:22:55.704+0000] {dagbag.py:539} INFO - Filling up the DagBag from /opt/airflow/dags/DAG.py
[2024-11-17T16:22:55.724+0000] {processor.py:839} INFO - DAG(s) dict_keys(['daily_clothing_crawler']) retrieved from /opt/airflow/dags/DAG.py
[2024-11-17T16:22:55.747+0000] {logging_mixin.py:151} INFO - [2024-11-17T16:22:55.747+0000] {dag.py:2915} INFO - Sync 1 DAGs
[2024-11-17T16:22:55.761+0000] {logging_mixin.py:151} INFO - [2024-11-17T16:22:55.761+0000] {dag.py:3696} INFO - Setting next_dagrun for daily_clothing_crawler to 2024-11-16T00:00:00+00:00, run_after=2024-11-17T00:00:00+00:00
[2024-11-17T16:22:55.769+0000] {processor.py:179} INFO - Processing /opt/airflow/dags/DAG.py took 0.073 seconds
[2024-11-17T16:23:26.033+0000] {processor.py:157} INFO - Started process (PID=272) to work on /opt/airflow/dags/DAG.py
[2024-11-17T16:23:26.035+0000] {processor.py:829} INFO - Processing file /opt/airflow/dags/DAG.py for tasks to queue
[2024-11-17T16:23:26.036+0000] {logging_mixin.py:151} INFO - [2024-11-17T16:23:26.035+0000] {dagbag.py:539} INFO - Filling up the DagBag from /opt/airflow/dags/DAG.py
[2024-11-17T16:23:26.057+0000] {processor.py:839} INFO - DAG(s) dict_keys(['daily_clothing_crawler']) retrieved from /opt/airflow/dags/DAG.py
[2024-11-17T16:23:26.089+0000] {logging_mixin.py:151} INFO - [2024-11-17T16:23:26.089+0000] {dag.py:2915} INFO - Sync 1 DAGs
[2024-11-17T16:23:26.110+0000] {logging_mixin.py:151} INFO - [2024-11-17T16:23:26.110+0000] {dag.py:3696} INFO - Setting next_dagrun for daily_clothing_crawler to 2024-11-16T00:00:00+00:00, run_after=2024-11-17T00:00:00+00:00
[2024-11-17T16:23:26.119+0000] {processor.py:179} INFO - Processing /opt/airflow/dags/DAG.py took 0.092 seconds
[2024-11-17T16:23:56.346+0000] {processor.py:157} INFO - Started process (PID=277) to work on /opt/airflow/dags/DAG.py
[2024-11-17T16:23:56.348+0000] {processor.py:829} INFO - Processing file /opt/airflow/dags/DAG.py for tasks to queue
[2024-11-17T16:23:56.349+0000] {logging_mixin.py:151} INFO - [2024-11-17T16:23:56.348+0000] {dagbag.py:539} INFO - Filling up the DagBag from /opt/airflow/dags/DAG.py
[2024-11-17T16:23:56.372+0000] {processor.py:839} INFO - DAG(s) dict_keys(['daily_clothing_crawler']) retrieved from /opt/airflow/dags/DAG.py
[2024-11-17T16:23:56.397+0000] {logging_mixin.py:151} INFO - [2024-11-17T16:23:56.397+0000] {dag.py:2915} INFO - Sync 1 DAGs
[2024-11-17T16:23:56.408+0000] {logging_mixin.py:151} INFO - [2024-11-17T16:23:56.408+0000] {dag.py:3696} INFO - Setting next_dagrun for daily_clothing_crawler to 2024-11-16T00:00:00+00:00, run_after=2024-11-17T00:00:00+00:00
[2024-11-17T16:23:56.417+0000] {processor.py:179} INFO - Processing /opt/airflow/dags/DAG.py took 0.078 seconds
[2024-11-17T16:24:26.718+0000] {processor.py:157} INFO - Started process (PID=282) to work on /opt/airflow/dags/DAG.py
[2024-11-17T16:24:26.719+0000] {processor.py:829} INFO - Processing file /opt/airflow/dags/DAG.py for tasks to queue
[2024-11-17T16:24:26.720+0000] {logging_mixin.py:151} INFO - [2024-11-17T16:24:26.720+0000] {dagbag.py:539} INFO - Filling up the DagBag from /opt/airflow/dags/DAG.py
[2024-11-17T16:24:26.736+0000] {processor.py:839} INFO - DAG(s) dict_keys(['daily_clothing_crawler']) retrieved from /opt/airflow/dags/DAG.py
[2024-11-17T16:24:26.757+0000] {logging_mixin.py:151} INFO - [2024-11-17T16:24:26.757+0000] {dag.py:2915} INFO - Sync 1 DAGs
[2024-11-17T16:24:26.771+0000] {logging_mixin.py:151} INFO - [2024-11-17T16:24:26.771+0000] {dag.py:3696} INFO - Setting next_dagrun for daily_clothing_crawler to 2024-11-16T00:00:00+00:00, run_after=2024-11-17T00:00:00+00:00
[2024-11-17T16:24:26.780+0000] {processor.py:179} INFO - Processing /opt/airflow/dags/DAG.py took 0.066 seconds
[2024-11-17T16:24:57.021+0000] {processor.py:157} INFO - Started process (PID=287) to work on /opt/airflow/dags/DAG.py
[2024-11-17T16:24:57.022+0000] {processor.py:829} INFO - Processing file /opt/airflow/dags/DAG.py for tasks to queue
[2024-11-17T16:24:57.023+0000] {logging_mixin.py:151} INFO - [2024-11-17T16:24:57.023+0000] {dagbag.py:539} INFO - Filling up the DagBag from /opt/airflow/dags/DAG.py
[2024-11-17T16:24:57.043+0000] {processor.py:839} INFO - DAG(s) dict_keys(['daily_clothing_crawler']) retrieved from /opt/airflow/dags/DAG.py
[2024-11-17T16:24:57.065+0000] {logging_mixin.py:151} INFO - [2024-11-17T16:24:57.064+0000] {dag.py:2915} INFO - Sync 1 DAGs
[2024-11-17T16:24:57.087+0000] {logging_mixin.py:151} INFO - [2024-11-17T16:24:57.087+0000] {dag.py:3696} INFO - Setting next_dagrun for daily_clothing_crawler to 2024-11-16T00:00:00+00:00, run_after=2024-11-17T00:00:00+00:00
[2024-11-17T16:24:57.097+0000] {processor.py:179} INFO - Processing /opt/airflow/dags/DAG.py took 0.082 seconds
[2024-11-17T16:25:27.271+0000] {processor.py:157} INFO - Started process (PID=292) to work on /opt/airflow/dags/DAG.py
[2024-11-17T16:25:27.272+0000] {processor.py:829} INFO - Processing file /opt/airflow/dags/DAG.py for tasks to queue
[2024-11-17T16:25:27.273+0000] {logging_mixin.py:151} INFO - [2024-11-17T16:25:27.273+0000] {dagbag.py:539} INFO - Filling up the DagBag from /opt/airflow/dags/DAG.py
[2024-11-17T16:25:27.288+0000] {processor.py:839} INFO - DAG(s) dict_keys(['daily_clothing_crawler']) retrieved from /opt/airflow/dags/DAG.py
[2024-11-17T16:25:27.312+0000] {logging_mixin.py:151} INFO - [2024-11-17T16:25:27.312+0000] {dag.py:2915} INFO - Sync 1 DAGs
[2024-11-17T16:25:27.326+0000] {logging_mixin.py:151} INFO - [2024-11-17T16:25:27.325+0000] {dag.py:3696} INFO - Setting next_dagrun for daily_clothing_crawler to 2024-11-16T00:00:00+00:00, run_after=2024-11-17T00:00:00+00:00
[2024-11-17T16:25:27.334+0000] {processor.py:179} INFO - Processing /opt/airflow/dags/DAG.py took 0.067 seconds
[2024-11-17T16:25:57.555+0000] {processor.py:157} INFO - Started process (PID=297) to work on /opt/airflow/dags/DAG.py
[2024-11-17T16:25:57.557+0000] {processor.py:829} INFO - Processing file /opt/airflow/dags/DAG.py for tasks to queue
[2024-11-17T16:25:57.558+0000] {logging_mixin.py:151} INFO - [2024-11-17T16:25:57.558+0000] {dagbag.py:539} INFO - Filling up the DagBag from /opt/airflow/dags/DAG.py
[2024-11-17T16:25:57.571+0000] {processor.py:839} INFO - DAG(s) dict_keys(['daily_clothing_crawler']) retrieved from /opt/airflow/dags/DAG.py
[2024-11-17T16:25:57.590+0000] {logging_mixin.py:151} INFO - [2024-11-17T16:25:57.590+0000] {dag.py:2915} INFO - Sync 1 DAGs
[2024-11-17T16:25:57.605+0000] {logging_mixin.py:151} INFO - [2024-11-17T16:25:57.605+0000] {dag.py:3696} INFO - Setting next_dagrun for daily_clothing_crawler to 2024-11-16T00:00:00+00:00, run_after=2024-11-17T00:00:00+00:00
[2024-11-17T16:25:57.613+0000] {processor.py:179} INFO - Processing /opt/airflow/dags/DAG.py took 0.062 seconds
[2024-11-17T16:26:27.843+0000] {processor.py:157} INFO - Started process (PID=302) to work on /opt/airflow/dags/DAG.py
[2024-11-17T16:26:27.844+0000] {processor.py:829} INFO - Processing file /opt/airflow/dags/DAG.py for tasks to queue
[2024-11-17T16:26:27.845+0000] {logging_mixin.py:151} INFO - [2024-11-17T16:26:27.845+0000] {dagbag.py:539} INFO - Filling up the DagBag from /opt/airflow/dags/DAG.py
[2024-11-17T16:26:27.859+0000] {processor.py:839} INFO - DAG(s) dict_keys(['daily_clothing_crawler']) retrieved from /opt/airflow/dags/DAG.py
[2024-11-17T16:26:27.881+0000] {logging_mixin.py:151} INFO - [2024-11-17T16:26:27.881+0000] {dag.py:2915} INFO - Sync 1 DAGs
[2024-11-17T16:26:27.893+0000] {logging_mixin.py:151} INFO - [2024-11-17T16:26:27.893+0000] {dag.py:3696} INFO - Setting next_dagrun for daily_clothing_crawler to 2024-11-16T00:00:00+00:00, run_after=2024-11-17T00:00:00+00:00
[2024-11-17T16:26:27.901+0000] {processor.py:179} INFO - Processing /opt/airflow/dags/DAG.py took 0.062 seconds
[2024-11-17T16:26:58.138+0000] {processor.py:157} INFO - Started process (PID=307) to work on /opt/airflow/dags/DAG.py
[2024-11-17T16:26:58.139+0000] {processor.py:829} INFO - Processing file /opt/airflow/dags/DAG.py for tasks to queue
[2024-11-17T16:26:58.141+0000] {logging_mixin.py:151} INFO - [2024-11-17T16:26:58.140+0000] {dagbag.py:539} INFO - Filling up the DagBag from /opt/airflow/dags/DAG.py
[2024-11-17T16:26:58.163+0000] {processor.py:839} INFO - DAG(s) dict_keys(['daily_clothing_crawler']) retrieved from /opt/airflow/dags/DAG.py
[2024-11-17T16:26:58.211+0000] {logging_mixin.py:151} INFO - [2024-11-17T16:26:58.211+0000] {dag.py:2915} INFO - Sync 1 DAGs
[2024-11-17T16:26:58.225+0000] {logging_mixin.py:151} INFO - [2024-11-17T16:26:58.225+0000] {dag.py:3696} INFO - Setting next_dagrun for daily_clothing_crawler to 2024-11-16T00:00:00+00:00, run_after=2024-11-17T00:00:00+00:00
[2024-11-17T16:26:58.233+0000] {processor.py:179} INFO - Processing /opt/airflow/dags/DAG.py took 0.100 seconds
[2024-11-17T16:30:19.398+0000] {processor.py:157} INFO - Started process (PID=166) to work on /opt/airflow/dags/DAG.py
[2024-11-17T16:30:19.399+0000] {processor.py:829} INFO - Processing file /opt/airflow/dags/DAG.py for tasks to queue
[2024-11-17T16:30:19.401+0000] {logging_mixin.py:151} INFO - [2024-11-17T16:30:19.401+0000] {dagbag.py:539} INFO - Filling up the DagBag from /opt/airflow/dags/DAG.py
[2024-11-17T16:30:19.410+0000] {processor.py:839} INFO - DAG(s) dict_keys(['daily_clothing_crawler']) retrieved from /opt/airflow/dags/DAG.py
[2024-11-17T16:30:19.431+0000] {logging_mixin.py:151} INFO - [2024-11-17T16:30:19.431+0000] {dag.py:2915} INFO - Sync 1 DAGs
[2024-11-17T16:30:19.444+0000] {logging_mixin.py:151} INFO - [2024-11-17T16:30:19.443+0000] {dag.py:3696} INFO - Setting next_dagrun for daily_clothing_crawler to 2024-11-16T00:00:00+00:00, run_after=2024-11-17T00:00:00+00:00
[2024-11-17T16:30:19.454+0000] {processor.py:179} INFO - Processing /opt/airflow/dags/DAG.py took 0.058 seconds
[2024-11-17T16:30:49.637+0000] {processor.py:157} INFO - Started process (PID=171) to work on /opt/airflow/dags/DAG.py
[2024-11-17T16:30:49.639+0000] {processor.py:829} INFO - Processing file /opt/airflow/dags/DAG.py for tasks to queue
[2024-11-17T16:30:49.639+0000] {logging_mixin.py:151} INFO - [2024-11-17T16:30:49.639+0000] {dagbag.py:539} INFO - Filling up the DagBag from /opt/airflow/dags/DAG.py
[2024-11-17T16:30:49.653+0000] {processor.py:839} INFO - DAG(s) dict_keys(['daily_clothing_crawler']) retrieved from /opt/airflow/dags/DAG.py
[2024-11-17T16:30:49.676+0000] {logging_mixin.py:151} INFO - [2024-11-17T16:30:49.676+0000] {dag.py:2915} INFO - Sync 1 DAGs
[2024-11-17T16:30:49.690+0000] {logging_mixin.py:151} INFO - [2024-11-17T16:30:49.689+0000] {dag.py:3696} INFO - Setting next_dagrun for daily_clothing_crawler to 2024-11-16T00:00:00+00:00, run_after=2024-11-17T00:00:00+00:00
[2024-11-17T16:30:49.699+0000] {processor.py:179} INFO - Processing /opt/airflow/dags/DAG.py took 0.065 seconds
[2024-11-17T16:31:19.919+0000] {processor.py:157} INFO - Started process (PID=176) to work on /opt/airflow/dags/DAG.py
[2024-11-17T16:31:19.920+0000] {processor.py:829} INFO - Processing file /opt/airflow/dags/DAG.py for tasks to queue
[2024-11-17T16:31:19.921+0000] {logging_mixin.py:151} INFO - [2024-11-17T16:31:19.921+0000] {dagbag.py:539} INFO - Filling up the DagBag from /opt/airflow/dags/DAG.py
[2024-11-17T16:31:19.936+0000] {processor.py:839} INFO - DAG(s) dict_keys(['daily_clothing_crawler']) retrieved from /opt/airflow/dags/DAG.py
[2024-11-17T16:31:19.955+0000] {logging_mixin.py:151} INFO - [2024-11-17T16:31:19.955+0000] {dag.py:2915} INFO - Sync 1 DAGs
[2024-11-17T16:31:19.968+0000] {logging_mixin.py:151} INFO - [2024-11-17T16:31:19.968+0000] {dag.py:3696} INFO - Setting next_dagrun for daily_clothing_crawler to 2024-11-16T00:00:00+00:00, run_after=2024-11-17T00:00:00+00:00
[2024-11-17T16:31:19.977+0000] {processor.py:179} INFO - Processing /opt/airflow/dags/DAG.py took 0.061 seconds
[2024-11-17T16:31:50.197+0000] {processor.py:157} INFO - Started process (PID=181) to work on /opt/airflow/dags/DAG.py
[2024-11-17T16:31:50.198+0000] {processor.py:829} INFO - Processing file /opt/airflow/dags/DAG.py for tasks to queue
[2024-11-17T16:31:50.199+0000] {logging_mixin.py:151} INFO - [2024-11-17T16:31:50.199+0000] {dagbag.py:539} INFO - Filling up the DagBag from /opt/airflow/dags/DAG.py
[2024-11-17T16:31:50.215+0000] {processor.py:839} INFO - DAG(s) dict_keys(['daily_clothing_crawler']) retrieved from /opt/airflow/dags/DAG.py
[2024-11-17T16:31:50.240+0000] {logging_mixin.py:151} INFO - [2024-11-17T16:31:50.240+0000] {dag.py:2915} INFO - Sync 1 DAGs
[2024-11-17T16:31:50.256+0000] {logging_mixin.py:151} INFO - [2024-11-17T16:31:50.256+0000] {dag.py:3696} INFO - Setting next_dagrun for daily_clothing_crawler to 2024-11-16T00:00:00+00:00, run_after=2024-11-17T00:00:00+00:00
[2024-11-17T16:31:50.266+0000] {processor.py:179} INFO - Processing /opt/airflow/dags/DAG.py took 0.072 seconds
[2024-11-17T16:32:20.503+0000] {processor.py:157} INFO - Started process (PID=186) to work on /opt/airflow/dags/DAG.py
[2024-11-17T16:32:20.505+0000] {processor.py:829} INFO - Processing file /opt/airflow/dags/DAG.py for tasks to queue
[2024-11-17T16:32:20.506+0000] {logging_mixin.py:151} INFO - [2024-11-17T16:32:20.505+0000] {dagbag.py:539} INFO - Filling up the DagBag from /opt/airflow/dags/DAG.py
[2024-11-17T16:32:20.519+0000] {processor.py:839} INFO - DAG(s) dict_keys(['daily_clothing_crawler']) retrieved from /opt/airflow/dags/DAG.py
[2024-11-17T16:32:20.536+0000] {logging_mixin.py:151} INFO - [2024-11-17T16:32:20.536+0000] {dag.py:2915} INFO - Sync 1 DAGs
[2024-11-17T16:32:20.546+0000] {logging_mixin.py:151} INFO - [2024-11-17T16:32:20.546+0000] {dag.py:3696} INFO - Setting next_dagrun for daily_clothing_crawler to 2024-11-16T00:00:00+00:00, run_after=2024-11-17T00:00:00+00:00
[2024-11-17T16:32:20.554+0000] {processor.py:179} INFO - Processing /opt/airflow/dags/DAG.py took 0.060 seconds
[2024-11-17T16:32:50.809+0000] {processor.py:157} INFO - Started process (PID=191) to work on /opt/airflow/dags/DAG.py
[2024-11-17T16:32:50.810+0000] {processor.py:829} INFO - Processing file /opt/airflow/dags/DAG.py for tasks to queue
[2024-11-17T16:32:50.811+0000] {logging_mixin.py:151} INFO - [2024-11-17T16:32:50.810+0000] {dagbag.py:539} INFO - Filling up the DagBag from /opt/airflow/dags/DAG.py
[2024-11-17T16:32:50.827+0000] {processor.py:839} INFO - DAG(s) dict_keys(['daily_clothing_crawler']) retrieved from /opt/airflow/dags/DAG.py
[2024-11-17T16:32:50.854+0000] {logging_mixin.py:151} INFO - [2024-11-17T16:32:50.854+0000] {dag.py:2915} INFO - Sync 1 DAGs
[2024-11-17T16:32:50.876+0000] {logging_mixin.py:151} INFO - [2024-11-17T16:32:50.876+0000] {dag.py:3696} INFO - Setting next_dagrun for daily_clothing_crawler to 2024-11-16T00:00:00+00:00, run_after=2024-11-17T00:00:00+00:00
[2024-11-17T16:32:50.885+0000] {processor.py:179} INFO - Processing /opt/airflow/dags/DAG.py took 0.081 seconds
[2024-11-17T16:33:21.090+0000] {processor.py:157} INFO - Started process (PID=196) to work on /opt/airflow/dags/DAG.py
[2024-11-17T16:33:21.092+0000] {processor.py:829} INFO - Processing file /opt/airflow/dags/DAG.py for tasks to queue
[2024-11-17T16:33:21.093+0000] {logging_mixin.py:151} INFO - [2024-11-17T16:33:21.092+0000] {dagbag.py:539} INFO - Filling up the DagBag from /opt/airflow/dags/DAG.py
[2024-11-17T16:33:21.112+0000] {processor.py:839} INFO - DAG(s) dict_keys(['daily_clothing_crawler']) retrieved from /opt/airflow/dags/DAG.py
[2024-11-17T16:33:21.131+0000] {logging_mixin.py:151} INFO - [2024-11-17T16:33:21.131+0000] {dag.py:2915} INFO - Sync 1 DAGs
[2024-11-17T16:33:21.143+0000] {logging_mixin.py:151} INFO - [2024-11-17T16:33:21.143+0000] {dag.py:3696} INFO - Setting next_dagrun for daily_clothing_crawler to 2024-11-16T00:00:00+00:00, run_after=2024-11-17T00:00:00+00:00
[2024-11-17T16:33:21.150+0000] {processor.py:179} INFO - Processing /opt/airflow/dags/DAG.py took 0.065 seconds
[2024-11-17T16:33:51.376+0000] {processor.py:157} INFO - Started process (PID=201) to work on /opt/airflow/dags/DAG.py
[2024-11-17T16:33:51.377+0000] {processor.py:829} INFO - Processing file /opt/airflow/dags/DAG.py for tasks to queue
[2024-11-17T16:33:51.378+0000] {logging_mixin.py:151} INFO - [2024-11-17T16:33:51.378+0000] {dagbag.py:539} INFO - Filling up the DagBag from /opt/airflow/dags/DAG.py
[2024-11-17T16:33:51.388+0000] {processor.py:839} INFO - DAG(s) dict_keys(['daily_clothing_crawler']) retrieved from /opt/airflow/dags/DAG.py
[2024-11-17T16:33:51.407+0000] {logging_mixin.py:151} INFO - [2024-11-17T16:33:51.407+0000] {dag.py:2915} INFO - Sync 1 DAGs
[2024-11-17T16:33:51.420+0000] {logging_mixin.py:151} INFO - [2024-11-17T16:33:51.420+0000] {dag.py:3696} INFO - Setting next_dagrun for daily_clothing_crawler to 2024-11-16T00:00:00+00:00, run_after=2024-11-17T00:00:00+00:00
[2024-11-17T16:33:51.429+0000] {processor.py:179} INFO - Processing /opt/airflow/dags/DAG.py took 0.056 seconds
[2024-11-17T16:34:21.655+0000] {processor.py:157} INFO - Started process (PID=206) to work on /opt/airflow/dags/DAG.py
[2024-11-17T16:34:21.656+0000] {processor.py:829} INFO - Processing file /opt/airflow/dags/DAG.py for tasks to queue
[2024-11-17T16:34:21.657+0000] {logging_mixin.py:151} INFO - [2024-11-17T16:34:21.657+0000] {dagbag.py:539} INFO - Filling up the DagBag from /opt/airflow/dags/DAG.py
[2024-11-17T16:34:21.674+0000] {processor.py:839} INFO - DAG(s) dict_keys(['daily_clothing_crawler']) retrieved from /opt/airflow/dags/DAG.py
[2024-11-17T16:34:21.711+0000] {logging_mixin.py:151} INFO - [2024-11-17T16:34:21.710+0000] {dag.py:2915} INFO - Sync 1 DAGs
[2024-11-17T16:34:21.724+0000] {logging_mixin.py:151} INFO - [2024-11-17T16:34:21.724+0000] {dag.py:3696} INFO - Setting next_dagrun for daily_clothing_crawler to 2024-11-16T00:00:00+00:00, run_after=2024-11-17T00:00:00+00:00
[2024-11-17T16:34:21.850+0000] {processor.py:179} INFO - Processing /opt/airflow/dags/DAG.py took 0.200 seconds
[2024-11-17T16:34:51.912+0000] {processor.py:157} INFO - Started process (PID=211) to work on /opt/airflow/dags/DAG.py
[2024-11-17T16:34:51.913+0000] {processor.py:829} INFO - Processing file /opt/airflow/dags/DAG.py for tasks to queue
[2024-11-17T16:34:51.914+0000] {logging_mixin.py:151} INFO - [2024-11-17T16:34:51.913+0000] {dagbag.py:539} INFO - Filling up the DagBag from /opt/airflow/dags/DAG.py
[2024-11-17T16:34:51.929+0000] {processor.py:839} INFO - DAG(s) dict_keys(['daily_clothing_crawler']) retrieved from /opt/airflow/dags/DAG.py
[2024-11-17T16:34:51.951+0000] {logging_mixin.py:151} INFO - [2024-11-17T16:34:51.951+0000] {dag.py:2915} INFO - Sync 1 DAGs
[2024-11-17T16:34:52.060+0000] {logging_mixin.py:151} INFO - [2024-11-17T16:34:52.060+0000] {dag.py:3696} INFO - Setting next_dagrun for daily_clothing_crawler to 2024-11-16T00:00:00+00:00, run_after=2024-11-17T00:00:00+00:00
[2024-11-17T16:34:52.068+0000] {processor.py:179} INFO - Processing /opt/airflow/dags/DAG.py took 0.161 seconds
[2024-11-17T16:35:22.218+0000] {processor.py:157} INFO - Started process (PID=216) to work on /opt/airflow/dags/DAG.py
[2024-11-17T16:35:22.220+0000] {processor.py:829} INFO - Processing file /opt/airflow/dags/DAG.py for tasks to queue
[2024-11-17T16:35:22.221+0000] {logging_mixin.py:151} INFO - [2024-11-17T16:35:22.221+0000] {dagbag.py:539} INFO - Filling up the DagBag from /opt/airflow/dags/DAG.py
[2024-11-17T16:35:22.238+0000] {processor.py:839} INFO - DAG(s) dict_keys(['daily_clothing_crawler']) retrieved from /opt/airflow/dags/DAG.py
[2024-11-17T16:35:22.264+0000] {logging_mixin.py:151} INFO - [2024-11-17T16:35:22.264+0000] {dag.py:2915} INFO - Sync 1 DAGs
[2024-11-17T16:35:22.367+0000] {logging_mixin.py:151} INFO - [2024-11-17T16:35:22.367+0000] {dag.py:3696} INFO - Setting next_dagrun for daily_clothing_crawler to 2024-11-16T00:00:00+00:00, run_after=2024-11-17T00:00:00+00:00
[2024-11-17T16:35:22.374+0000] {processor.py:179} INFO - Processing /opt/airflow/dags/DAG.py took 0.162 seconds
[2024-11-17T16:35:52.586+0000] {processor.py:157} INFO - Started process (PID=221) to work on /opt/airflow/dags/DAG.py
[2024-11-17T16:35:52.587+0000] {processor.py:829} INFO - Processing file /opt/airflow/dags/DAG.py for tasks to queue
[2024-11-17T16:35:52.588+0000] {logging_mixin.py:151} INFO - [2024-11-17T16:35:52.588+0000] {dagbag.py:539} INFO - Filling up the DagBag from /opt/airflow/dags/DAG.py
[2024-11-17T16:35:52.608+0000] {processor.py:839} INFO - DAG(s) dict_keys(['daily_clothing_crawler']) retrieved from /opt/airflow/dags/DAG.py
[2024-11-17T16:35:52.762+0000] {logging_mixin.py:151} INFO - [2024-11-17T16:35:52.762+0000] {dag.py:2915} INFO - Sync 1 DAGs
[2024-11-17T16:35:52.771+0000] {logging_mixin.py:151} INFO - [2024-11-17T16:35:52.771+0000] {dag.py:3696} INFO - Setting next_dagrun for daily_clothing_crawler to 2024-11-16T00:00:00+00:00, run_after=2024-11-17T00:00:00+00:00
[2024-11-17T16:35:52.779+0000] {processor.py:179} INFO - Processing /opt/airflow/dags/DAG.py took 0.200 seconds
[2024-11-17T16:36:22.833+0000] {processor.py:157} INFO - Started process (PID=226) to work on /opt/airflow/dags/DAG.py
[2024-11-17T16:36:22.834+0000] {processor.py:829} INFO - Processing file /opt/airflow/dags/DAG.py for tasks to queue
[2024-11-17T16:36:22.834+0000] {logging_mixin.py:151} INFO - [2024-11-17T16:36:22.834+0000] {dagbag.py:539} INFO - Filling up the DagBag from /opt/airflow/dags/DAG.py
[2024-11-17T16:36:22.844+0000] {processor.py:839} INFO - DAG(s) dict_keys(['daily_clothing_crawler']) retrieved from /opt/airflow/dags/DAG.py
[2024-11-17T16:36:22.862+0000] {logging_mixin.py:151} INFO - [2024-11-17T16:36:22.862+0000] {dag.py:2915} INFO - Sync 1 DAGs
[2024-11-17T16:36:22.875+0000] {logging_mixin.py:151} INFO - [2024-11-17T16:36:22.875+0000] {dag.py:3696} INFO - Setting next_dagrun for daily_clothing_crawler to 2024-11-16T00:00:00+00:00, run_after=2024-11-17T00:00:00+00:00
[2024-11-17T16:36:22.882+0000] {processor.py:179} INFO - Processing /opt/airflow/dags/DAG.py took 0.052 seconds
[2024-11-17T16:36:53.072+0000] {processor.py:157} INFO - Started process (PID=231) to work on /opt/airflow/dags/DAG.py
[2024-11-17T16:36:53.073+0000] {processor.py:829} INFO - Processing file /opt/airflow/dags/DAG.py for tasks to queue
[2024-11-17T16:36:53.074+0000] {logging_mixin.py:151} INFO - [2024-11-17T16:36:53.074+0000] {dagbag.py:539} INFO - Filling up the DagBag from /opt/airflow/dags/DAG.py
[2024-11-17T16:36:53.095+0000] {processor.py:839} INFO - DAG(s) dict_keys(['daily_clothing_crawler']) retrieved from /opt/airflow/dags/DAG.py
[2024-11-17T16:36:53.134+0000] {logging_mixin.py:151} INFO - [2024-11-17T16:36:53.134+0000] {dag.py:2915} INFO - Sync 1 DAGs
[2024-11-17T16:36:53.148+0000] {logging_mixin.py:151} INFO - [2024-11-17T16:36:53.147+0000] {dag.py:3696} INFO - Setting next_dagrun for daily_clothing_crawler to 2024-11-16T00:00:00+00:00, run_after=2024-11-17T00:00:00+00:00
[2024-11-17T16:36:53.157+0000] {processor.py:179} INFO - Processing /opt/airflow/dags/DAG.py took 0.091 seconds
[2024-11-17T16:37:23.319+0000] {processor.py:157} INFO - Started process (PID=236) to work on /opt/airflow/dags/DAG.py
[2024-11-17T16:37:23.321+0000] {processor.py:829} INFO - Processing file /opt/airflow/dags/DAG.py for tasks to queue
[2024-11-17T16:37:23.322+0000] {logging_mixin.py:151} INFO - [2024-11-17T16:37:23.322+0000] {dagbag.py:539} INFO - Filling up the DagBag from /opt/airflow/dags/DAG.py
[2024-11-17T16:37:23.337+0000] {processor.py:839} INFO - DAG(s) dict_keys(['daily_clothing_crawler']) retrieved from /opt/airflow/dags/DAG.py
[2024-11-17T16:37:23.359+0000] {logging_mixin.py:151} INFO - [2024-11-17T16:37:23.359+0000] {dag.py:2915} INFO - Sync 1 DAGs
[2024-11-17T16:37:23.372+0000] {logging_mixin.py:151} INFO - [2024-11-17T16:37:23.372+0000] {dag.py:3696} INFO - Setting next_dagrun for daily_clothing_crawler to 2024-11-16T00:00:00+00:00, run_after=2024-11-17T00:00:00+00:00
[2024-11-17T16:37:23.381+0000] {processor.py:179} INFO - Processing /opt/airflow/dags/DAG.py took 0.068 seconds
[2024-11-17T16:37:53.717+0000] {processor.py:157} INFO - Started process (PID=241) to work on /opt/airflow/dags/DAG.py
[2024-11-17T16:37:53.718+0000] {processor.py:829} INFO - Processing file /opt/airflow/dags/DAG.py for tasks to queue
[2024-11-17T16:37:53.720+0000] {logging_mixin.py:151} INFO - [2024-11-17T16:37:53.719+0000] {dagbag.py:539} INFO - Filling up the DagBag from /opt/airflow/dags/DAG.py
[2024-11-17T16:37:53.737+0000] {processor.py:839} INFO - DAG(s) dict_keys(['daily_clothing_crawler']) retrieved from /opt/airflow/dags/DAG.py
[2024-11-17T16:37:53.763+0000] {logging_mixin.py:151} INFO - [2024-11-17T16:37:53.762+0000] {dag.py:2915} INFO - Sync 1 DAGs
[2024-11-17T16:37:53.777+0000] {logging_mixin.py:151} INFO - [2024-11-17T16:37:53.777+0000] {dag.py:3696} INFO - Setting next_dagrun for daily_clothing_crawler to 2024-11-16T00:00:00+00:00, run_after=2024-11-17T00:00:00+00:00
[2024-11-17T16:37:53.786+0000] {processor.py:179} INFO - Processing /opt/airflow/dags/DAG.py took 0.075 seconds
[2024-11-17T16:38:24.024+0000] {processor.py:157} INFO - Started process (PID=246) to work on /opt/airflow/dags/DAG.py
[2024-11-17T16:38:24.025+0000] {processor.py:829} INFO - Processing file /opt/airflow/dags/DAG.py for tasks to queue
[2024-11-17T16:38:24.025+0000] {logging_mixin.py:151} INFO - [2024-11-17T16:38:24.025+0000] {dagbag.py:539} INFO - Filling up the DagBag from /opt/airflow/dags/DAG.py
[2024-11-17T16:38:24.038+0000] {processor.py:839} INFO - DAG(s) dict_keys(['daily_clothing_crawler']) retrieved from /opt/airflow/dags/DAG.py
[2024-11-17T16:38:24.059+0000] {logging_mixin.py:151} INFO - [2024-11-17T16:38:24.059+0000] {dag.py:2915} INFO - Sync 1 DAGs
[2024-11-17T16:38:24.071+0000] {logging_mixin.py:151} INFO - [2024-11-17T16:38:24.071+0000] {dag.py:3696} INFO - Setting next_dagrun for daily_clothing_crawler to 2024-11-16T00:00:00+00:00, run_after=2024-11-17T00:00:00+00:00
[2024-11-17T16:38:24.079+0000] {processor.py:179} INFO - Processing /opt/airflow/dags/DAG.py took 0.060 seconds
[2024-11-17T16:38:54.378+0000] {processor.py:157} INFO - Started process (PID=251) to work on /opt/airflow/dags/DAG.py
[2024-11-17T16:38:54.379+0000] {processor.py:829} INFO - Processing file /opt/airflow/dags/DAG.py for tasks to queue
[2024-11-17T16:38:54.380+0000] {logging_mixin.py:151} INFO - [2024-11-17T16:38:54.380+0000] {dagbag.py:539} INFO - Filling up the DagBag from /opt/airflow/dags/DAG.py
[2024-11-17T16:38:54.401+0000] {processor.py:839} INFO - DAG(s) dict_keys(['daily_clothing_crawler']) retrieved from /opt/airflow/dags/DAG.py
[2024-11-17T16:38:54.425+0000] {logging_mixin.py:151} INFO - [2024-11-17T16:38:54.424+0000] {dag.py:2915} INFO - Sync 1 DAGs
[2024-11-17T16:38:54.442+0000] {logging_mixin.py:151} INFO - [2024-11-17T16:38:54.442+0000] {dag.py:3696} INFO - Setting next_dagrun for daily_clothing_crawler to 2024-11-16T00:00:00+00:00, run_after=2024-11-17T00:00:00+00:00
[2024-11-17T16:38:54.452+0000] {processor.py:179} INFO - Processing /opt/airflow/dags/DAG.py took 0.079 seconds
[2024-11-17T16:39:24.703+0000] {processor.py:157} INFO - Started process (PID=256) to work on /opt/airflow/dags/DAG.py
[2024-11-17T16:39:24.705+0000] {processor.py:829} INFO - Processing file /opt/airflow/dags/DAG.py for tasks to queue
[2024-11-17T16:39:24.706+0000] {logging_mixin.py:151} INFO - [2024-11-17T16:39:24.705+0000] {dagbag.py:539} INFO - Filling up the DagBag from /opt/airflow/dags/DAG.py
[2024-11-17T16:39:24.729+0000] {processor.py:839} INFO - DAG(s) dict_keys(['daily_clothing_crawler']) retrieved from /opt/airflow/dags/DAG.py
[2024-11-17T16:39:24.752+0000] {logging_mixin.py:151} INFO - [2024-11-17T16:39:24.752+0000] {dag.py:2915} INFO - Sync 1 DAGs
[2024-11-17T16:39:24.765+0000] {logging_mixin.py:151} INFO - [2024-11-17T16:39:24.765+0000] {dag.py:3696} INFO - Setting next_dagrun for daily_clothing_crawler to 2024-11-16T00:00:00+00:00, run_after=2024-11-17T00:00:00+00:00
[2024-11-17T16:39:24.774+0000] {processor.py:179} INFO - Processing /opt/airflow/dags/DAG.py took 0.078 seconds
